Vetur initialized
[INFO ] Find node_modules paths in /home/tinku/Documents/projects/profile - 11693ms
[INFO ] Loaded bundled typescript@4.2.2.
[INFO ] Loaded bundled prettier.
[INFO ] Loaded bundled @starptech/prettyhtml.
[INFO ] Loaded bundled prettier-eslint.
[INFO ] Loaded bundled prettier-tslint.
[INFO ] Loaded bundled stylus-supremacy.
[INFO ] Loaded bundled @prettier/plugin-pug.
[INFO ] update /home/tinku/Documents/projects/profile/jsconfig.json in ts language service.
[INFO ] update /home/tinku/Documents/projects/profile/jsconfig.json in ts language service.
[INFO ] update /home/tinku/Documents/projects/profile/jsconfig.json in ts language service.
[INFO ] update /home/tinku/Documents/projects/profile/package.json in ts language service.
[INFO ] update /home/tinku/Documents/projects/profile/package.json in ts language service.
[INFO ] update /home/tinku/Documents/projects/profile/package.json in ts language service.
[INFO ] update /home/tinku/Documents/projects/profile/package-lock.json in ts language service.
[INFO ] update /home/tinku/Documents/projects/profile/package-lock.json in ts language service.
[INFO ] update /home/tinku/Documents/projects/profile/package-lock.json in ts language service.
[INFO ] update /home/tinku/Documents/projects/profile/package.json in ts language service.
[INFO ] update /home/tinku/Documents/projects/profile/package.json in ts language service.
[INFO ] update /home/tinku/Documents/projects/profile/package.json in ts language service.
[INFO ] update /home/tinku/Documents/projects/profile/package-lock.json in ts language service.
[INFO ] update /home/tinku/Documents/projects/profile/package-lock.json in ts language service.
[INFO ] update /home/tinku/Documents/projects/profile/package-lock.json in ts language service.
[INFO ] update /home/tinku/Documents/projects/profile/src/main.js in ts language service.
[INFO ] update /home/tinku/Documents/projects/profile/src/main.js in ts language service.
[INFO ] update /home/tinku/Documents/projects/profile/src/main.js in ts language service.
[INFO ] update /home/tinku/Documents/projects/profile/src/main.js in ts language service.
[INFO ] update /home/tinku/Documents/projects/profile/src/main.js in ts language service.
[INFO ] update /home/tinku/Documents/projects/profile/src/main.js in ts language service.
[INFO ] update /home/tinku/Documents/projects/profile/src/main.js in ts language service.
[INFO ] update /home/tinku/Documents/projects/profile/src/main.js in ts language service.
[INFO ] update /home/tinku/Documents/projects/profile/src/main.js in ts language service.
[INFO ] update /home/tinku/Documents/projects/profile/src/main.js in ts language service.
[INFO ] update /home/tinku/Documents/projects/profile/src/main.js in ts language service.
[INFO ] update /home/tinku/Documents/projects/profile/src/main.js in ts language service.
[INFO ] update /home/tinku/Documents/projects/profile/src/main.js in ts language service.
[INFO ] update /home/tinku/Documents/projects/profile/src/main.js in ts language service.
[INFO ] update /home/tinku/Documents/projects/profile/src/main.js in ts language service.
[INFO ] update /home/tinku/Documents/projects/profile/src/main.js in ts language service.
[INFO ] update /home/tinku/Documents/projects/profile/src/main.js in ts language service.
[INFO ] update /home/tinku/Documents/projects/profile/src/main.js in ts language service.
[INFO ] update /home/tinku/Documents/projects/profile/src/main.js in ts language service.
[INFO ] update /home/tinku/Documents/projects/profile/src/main.js in ts language service.
[INFO ] update /home/tinku/Documents/projects/profile/src/main.js in ts language service.
[INFO ] update /home/tinku/Documents/projects/profile/src/main.js in ts language service.
[INFO ] update /home/tinku/Documents/projects/profile/src/main.js in ts language service.
[INFO ] update /home/tinku/Documents/projects/profile/src/main.js in ts language service.
