[2021-04-09 19:59:34.066] [exthost] [info] extension host started
[2021-04-09 19:59:34.279] [exthost] [info] ExtensionService#_doActivateExtension vscode.microsoft-authentication {"startup":false,"extensionId":{"value":"vscode.microsoft-authentication","_lower":"vscode.microsoft-authentication"},"activationEvent":"onAuthenticationRequest:microsoft"}
[2021-04-09 19:59:34.279] [exthost] [info] ExtensionService#loadCommonJSModule file:///snap/code-insiders/679/usr/share/code-insiders/resources/app/extensions/microsoft-authentication/dist/extension.js
[2021-04-09 19:59:34.368] [exthost] [info] ExtensionService#_doActivateExtension vscode.extension-editing {"startup":false,"extensionId":{"value":"vscode.extension-editing","_lower":"vscode.extension-editing"},"activationEvent":"onLanguage:markdown"}
[2021-04-09 19:59:34.368] [exthost] [info] ExtensionService#loadCommonJSModule file:///snap/code-insiders/679/usr/share/code-insiders/resources/app/extensions/extension-editing/dist/extensionEditingMain
[2021-04-09 19:59:34.483] [exthost] [info] ExtensionService#_doActivateExtension vscode.markdown-language-features {"startup":false,"extensionId":{"value":"vscode.markdown-language-features","_lower":"vscode.markdown-language-features"},"activationEvent":"onLanguage:markdown"}
[2021-04-09 19:59:34.483] [exthost] [info] ExtensionService#loadCommonJSModule file:///snap/code-insiders/679/usr/share/code-insiders/resources/app/extensions/markdown-language-features/dist/extension
[2021-04-09 19:59:34.599] [exthost] [info] ExtensionService#_doActivateExtension yzhang.markdown-all-in-one {"startup":false,"extensionId":{"value":"yzhang.markdown-all-in-one","_lower":"yzhang.markdown-all-in-one"},"activationEvent":"onLanguage:markdown"}
[2021-04-09 19:59:34.599] [exthost] [info] ExtensionService#loadCommonJSModule file:///home/tinku/.vscode-insiders/extensions/yzhang.markdown-all-in-one-3.4.0/dist/extension
[2021-04-09 19:59:34.751] [exthost] [info] ExtensionService#_doActivateExtension vscode.debug-auto-launch {"startup":true,"extensionId":{"value":"vscode.debug-auto-launch","_lower":"vscode.debug-auto-launch"},"activationEvent":"*"}
[2021-04-09 19:59:34.751] [exthost] [info] ExtensionService#loadCommonJSModule file:///snap/code-insiders/679/usr/share/code-insiders/resources/app/extensions/debug-auto-launch/dist/extension
[2021-04-09 19:59:34.818] [exthost] [info] ExtensionService#_doActivateExtension vscode.git {"startup":true,"extensionId":{"value":"vscode.github","_lower":"vscode.github"},"activationEvent":"*"}
[2021-04-09 19:59:34.818] [exthost] [info] ExtensionService#loadCommonJSModule file:///snap/code-insiders/679/usr/share/code-insiders/resources/app/extensions/git/dist/main
[2021-04-09 19:59:35.085] [exthost] [info] ExtensionService#_doActivateExtension sainnhe.gruvbox-material {"startup":true,"extensionId":{"value":"sainnhe.gruvbox-material","_lower":"sainnhe.gruvbox-material"},"activationEvent":"*"}
[2021-04-09 19:59:35.085] [exthost] [info] ExtensionService#loadCommonJSModule file:///home/tinku/.vscode-insiders/extensions/sainnhe.gruvbox-material-6.3.9/out/extension.js
[2021-04-09 19:59:35.182] [exthost] [info] ExtensionService#_doActivateExtension vscodevim.vim {"startup":true,"extensionId":{"value":"vscodevim.vim","_lower":"vscodevim.vim"},"activationEvent":"*"}
[2021-04-09 19:59:35.182] [exthost] [info] ExtensionService#loadCommonJSModule file:///home/tinku/.vscode-insiders/extensions/vscodevim.vim-1.19.3/out/extension
[2021-04-09 19:59:36.553] [exthost] [info] ExtensionService#_doActivateExtension vscode.github {"startup":true,"extensionId":{"value":"vscode.github","_lower":"vscode.github"},"activationEvent":"*"}
[2021-04-09 19:59:36.553] [exthost] [info] ExtensionService#loadCommonJSModule file:///snap/code-insiders/679/usr/share/code-insiders/resources/app/extensions/github/dist/extension.js
[2021-04-09 19:59:36.608] [exthost] [info] ExtensionService#_doActivateExtension vscode.configuration-editing {"startup":false,"extensionId":{"value":"vscode.configuration-editing","_lower":"vscode.configuration-editing"},"activationEvent":"onLanguage:jsonc"}
[2021-04-09 19:59:36.608] [exthost] [info] ExtensionService#loadCommonJSModule file:///snap/code-insiders/679/usr/share/code-insiders/resources/app/extensions/configuration-editing/dist/configurationEditingMain
[2021-04-09 19:59:36.619] [exthost] [info] ExtensionService#_doActivateExtension vscode.json-language-features {"startup":false,"extensionId":{"value":"vscode.json-language-features","_lower":"vscode.json-language-features"},"activationEvent":"onLanguage:jsonc"}
[2021-04-09 19:59:36.619] [exthost] [info] ExtensionService#loadCommonJSModule file:///snap/code-insiders/679/usr/share/code-insiders/resources/app/extensions/json-language-features/client/dist/node/jsonClientMain
[2021-04-09 19:59:36.726] [exthost] [info] ExtensionService#_doActivateExtension vscode.typescript-language-features {"startup":false,"extensionId":{"value":"vscode.typescript-language-features","_lower":"vscode.typescript-language-features"},"activationEvent":"onLanguage:jsonc"}
[2021-04-09 19:59:36.726] [exthost] [info] ExtensionService#loadCommonJSModule file:///snap/code-insiders/679/usr/share/code-insiders/resources/app/extensions/typescript-language-features/dist/extension
[2021-04-09 19:59:36.807] [exthost] [info] eager extensions activated
[2021-04-09 19:59:36.936] [exthost] [info] ExtensionService#_doActivateExtension ms-vscode.js-debug {"startup":false,"extensionId":{"value":"ms-vscode.js-debug","_lower":"ms-vscode.js-debug"},"activationEvent":"onCommand:extension.js-debug.clearAutoAttachVariables"}
[2021-04-09 19:59:36.936] [exthost] [info] ExtensionService#loadCommonJSModule file:///snap/code-insiders/679/usr/share/code-insiders/resources/app/extensions/ms-vscode.js-debug/src/extension.js
[2021-04-09 19:59:37.307] [exthost] [info] ExtensionService#_doActivateExtension vscode.emmet {"startup":false,"extensionId":{"value":"vscode.emmet","_lower":"vscode.emmet"},"activationEvent":"onStartupFinished"}
[2021-04-09 19:59:37.307] [exthost] [info] ExtensionService#loadCommonJSModule file:///snap/code-insiders/679/usr/share/code-insiders/resources/app/extensions/emmet/dist/node/emmetNodeMain
[2021-04-09 19:59:37.342] [exthost] [info] ExtensionService#_doActivateExtension vscode.merge-conflict {"startup":false,"extensionId":{"value":"vscode.merge-conflict","_lower":"vscode.merge-conflict"},"activationEvent":"onStartupFinished"}
[2021-04-09 19:59:37.342] [exthost] [info] ExtensionService#loadCommonJSModule file:///snap/code-insiders/679/usr/share/code-insiders/resources/app/extensions/merge-conflict/dist/mergeConflictMain
[2021-04-09 19:59:37.347] [exthost] [info] ExtensionService#_doActivateExtension vscode.testing-editor-contributions {"startup":false,"extensionId":{"value":"vscode.testing-editor-contributions","_lower":"vscode.testing-editor-contributions"},"activationEvent":"onStartupFinished"}
[2021-04-09 19:59:37.347] [exthost] [info] ExtensionService#loadCommonJSModule file:///snap/code-insiders/679/usr/share/code-insiders/resources/app/extensions/testing-editor-contributions/dist/extension.js
[2021-04-09 19:59:37.745] [exthost] [info] ExtensionService#_doActivateExtension vscode.github-authentication {"startup":false,"extensionId":{"value":"vscode.github-authentication","_lower":"vscode.github-authentication"},"activationEvent":"onAuthenticationRequest:github"}
[2021-04-09 19:59:37.745] [exthost] [info] ExtensionService#loadCommonJSModule file:///snap/code-insiders/679/usr/share/code-insiders/resources/app/extensions/github-authentication/dist/extension.js
[2021-04-09 23:07:47.382] [exthost] [info] extension host terminating: received terminate message from renderer
[2021-04-09 23:07:48.741] [exthost] [info] exiting with code 0
