[2021-04-26 21:58:14.054] [exthost] [info] extension host started
[2021-04-26 21:58:14.668] [exthost] [info] ExtensionService#_doActivateExtension vscode.microsoft-authentication {"startup":false,"extensionId":{"value":"vscode.microsoft-authentication","_lower":"vscode.microsoft-authentication"},"activationEvent":"onAuthenticationRequest:microsoft"}
[2021-04-26 21:58:14.669] [exthost] [info] ExtensionService#loadCommonJSModule file:///snap/code-insiders/692/usr/share/code-insiders/resources/app/extensions/microsoft-authentication/dist/extension.js
[2021-04-26 21:58:14.713] [exthost] [info] ExtensionService#_doActivateExtension vscode.extension-editing {"startup":false,"extensionId":{"value":"vscode.extension-editing","_lower":"vscode.extension-editing"},"activationEvent":"onLanguage:typescript"}
[2021-04-26 21:58:14.717] [exthost] [info] ExtensionService#loadCommonJSModule file:///snap/code-insiders/692/usr/share/code-insiders/resources/app/extensions/extension-editing/dist/extensionEditingMain
[2021-04-26 21:58:14.748] [exthost] [info] ExtensionService#_doActivateExtension vscode.typescript-language-features {"startup":false,"extensionId":{"value":"vscode.typescript-language-features","_lower":"vscode.typescript-language-features"},"activationEvent":"onLanguage:typescript"}
[2021-04-26 21:58:14.755] [exthost] [info] ExtensionService#loadCommonJSModule file:///snap/code-insiders/692/usr/share/code-insiders/resources/app/extensions/typescript-language-features/dist/extension
[2021-04-26 21:58:14.827] [exthost] [info] ExtensionService#_doActivateExtension vscodevim.vim {"startup":false,"extensionId":{"value":"vscodevim.vim","_lower":"vscodevim.vim"},"activationEvent":"onCommand:type"}
[2021-04-26 21:58:14.829] [exthost] [info] ExtensionService#loadCommonJSModule file:///home/tinku/.vscode-insiders/extensions/vscodevim.vim-1.20.1/out/extension
[2021-04-26 21:58:15.045] [exthost] [info] ExtensionService#_doActivateExtension vscode.debug-auto-launch {"startup":true,"extensionId":{"value":"vscode.debug-auto-launch","_lower":"vscode.debug-auto-launch"},"activationEvent":"*"}
[2021-04-26 21:58:15.051] [exthost] [info] ExtensionService#loadCommonJSModule file:///snap/code-insiders/692/usr/share/code-insiders/resources/app/extensions/debug-auto-launch/dist/extension
[2021-04-26 21:58:15.054] [exthost] [info] ExtensionService#_doActivateExtension vscode.git {"startup":true,"extensionId":{"value":"vscode.github","_lower":"vscode.github"},"activationEvent":"*"}
[2021-04-26 21:58:15.054] [exthost] [info] ExtensionService#loadCommonJSModule file:///snap/code-insiders/692/usr/share/code-insiders/resources/app/extensions/git/dist/main
[2021-04-26 21:58:15.161] [exthost] [info] ExtensionService#_doActivateExtension sainnhe.gruvbox-material {"startup":true,"extensionId":{"value":"sainnhe.gruvbox-material","_lower":"sainnhe.gruvbox-material"},"activationEvent":"*"}
[2021-04-26 21:58:15.161] [exthost] [info] ExtensionService#loadCommonJSModule file:///home/tinku/.vscode-insiders/extensions/sainnhe.gruvbox-material-6.4.0/out/extension.js
[2021-04-26 21:58:15.209] [exthost] [info] ExtensionService#_doActivateExtension vscode.npm {"startup":true,"extensionId":{"value":"vscode.npm","_lower":"vscode.npm"},"activationEvent":"workspaceContains:package.json"}
[2021-04-26 21:58:15.219] [exthost] [info] ExtensionService#loadCommonJSModule file:///snap/code-insiders/692/usr/share/code-insiders/resources/app/extensions/npm/dist/npmMain
[2021-04-26 21:58:15.252] [exthost] [info] ExtensionService#_doActivateExtension yzhang.markdown-all-in-one {"startup":true,"extensionId":{"value":"yzhang.markdown-all-in-one","_lower":"yzhang.markdown-all-in-one"},"activationEvent":"workspaceContains:README.md"}
[2021-04-26 21:58:15.262] [exthost] [info] ExtensionService#loadCommonJSModule file:///home/tinku/.vscode-insiders/extensions/yzhang.markdown-all-in-one-3.4.0/dist/extension
[2021-04-26 21:58:17.912] [exthost] [info] ExtensionService#_doActivateExtension vscode.github {"startup":true,"extensionId":{"value":"vscode.github","_lower":"vscode.github"},"activationEvent":"*"}
[2021-04-26 21:58:17.912] [exthost] [info] ExtensionService#loadCommonJSModule file:///snap/code-insiders/692/usr/share/code-insiders/resources/app/extensions/github/dist/extension.js
[2021-04-26 21:58:18.329] [exthost] [info] ExtensionService#_doActivateExtension ms-vscode.js-debug {"startup":false,"extensionId":{"value":"ms-vscode.js-debug","_lower":"ms-vscode.js-debug"},"activationEvent":"onCommand:extension.js-debug.clearAutoAttachVariables"}
[2021-04-26 21:58:18.335] [exthost] [info] ExtensionService#loadCommonJSModule file:///snap/code-insiders/692/usr/share/code-insiders/resources/app/extensions/ms-vscode.js-debug/src/extension.js
[2021-04-26 21:58:18.932] [exthost] [info] ExtensionService#_doActivateExtension vscode.configuration-editing {"startup":false,"extensionId":{"value":"vscode.configuration-editing","_lower":"vscode.configuration-editing"},"activationEvent":"onLanguage:jsonc"}
[2021-04-26 21:58:18.932] [exthost] [info] ExtensionService#loadCommonJSModule file:///snap/code-insiders/692/usr/share/code-insiders/resources/app/extensions/configuration-editing/dist/configurationEditingMain
[2021-04-26 21:58:18.938] [exthost] [info] ExtensionService#_doActivateExtension vscode.json-language-features {"startup":false,"extensionId":{"value":"vscode.json-language-features","_lower":"vscode.json-language-features"},"activationEvent":"onLanguage:jsonc"}
[2021-04-26 21:58:18.938] [exthost] [info] ExtensionService#loadCommonJSModule file:///snap/code-insiders/692/usr/share/code-insiders/resources/app/extensions/json-language-features/client/dist/node/jsonClientMain
[2021-04-26 21:58:19.281] [exthost] [info] ExtensionService#_doActivateExtension vscode.github-authentication {"startup":false,"extensionId":{"value":"vscode.github-authentication","_lower":"vscode.github-authentication"},"activationEvent":"onAuthenticationRequest:github"}
[2021-04-26 21:58:19.281] [exthost] [info] ExtensionService#loadCommonJSModule file:///snap/code-insiders/692/usr/share/code-insiders/resources/app/extensions/github-authentication/dist/extension.js
[2021-04-26 21:58:19.432] [exthost] [info] eager extensions activated
[2021-04-26 21:58:19.672] [exthost] [info] ExtensionService#_doActivateExtension vscode.emmet {"startup":false,"extensionId":{"value":"vscode.emmet","_lower":"vscode.emmet"},"activationEvent":"onStartupFinished"}
[2021-04-26 21:58:19.673] [exthost] [info] ExtensionService#loadCommonJSModule file:///snap/code-insiders/692/usr/share/code-insiders/resources/app/extensions/emmet/dist/node/emmetNodeMain
[2021-04-26 21:58:19.740] [exthost] [info] ExtensionService#_doActivateExtension vscode.merge-conflict {"startup":false,"extensionId":{"value":"vscode.merge-conflict","_lower":"vscode.merge-conflict"},"activationEvent":"onStartupFinished"}
[2021-04-26 21:58:19.740] [exthost] [info] ExtensionService#loadCommonJSModule file:///snap/code-insiders/692/usr/share/code-insiders/resources/app/extensions/merge-conflict/dist/mergeConflictMain
[2021-04-26 21:58:19.743] [exthost] [info] ExtensionService#_doActivateExtension vscode.testing-editor-contributions {"startup":false,"extensionId":{"value":"vscode.testing-editor-contributions","_lower":"vscode.testing-editor-contributions"},"activationEvent":"onStartupFinished"}
[2021-04-26 21:58:19.744] [exthost] [info] ExtensionService#loadCommonJSModule file:///snap/code-insiders/692/usr/share/code-insiders/resources/app/extensions/testing-editor-contributions/dist/extension.js
[2021-04-26 21:58:27.339] [exthost] [error] actual command NOT FOUND _vscode_delegate_cmd_knyte4vg
[2021-04-26 22:01:35.638] [exthost] [info] ExtensionService#_doActivateExtension Angular.ng-template {"startup":false,"extensionId":{"value":"Angular.ng-template","_lower":"angular.ng-template"},"activationEvent":"onLanguage:typescript"}
[2021-04-26 22:01:35.639] [exthost] [info] ExtensionService#loadCommonJSModule file:///home/tinku/.vscode-insiders/extensions/angular.ng-template-11.2.12/index
[2021-04-26 22:07:25.791] [exthost] [info] extension host terminating: received terminate message from renderer
[2021-04-26 22:07:26.826] [exthost] [info] exiting with code 0
