[2021-05-10 12:47:19.092] [exthost] [info] extension host started
[2021-05-10 12:47:19.273] [exthost] [info] ExtensionService#_doActivateExtension vscode.microsoft-authentication {"startup":false,"extensionId":{"value":"vscode.microsoft-authentication","_lower":"vscode.microsoft-authentication"},"activationEvent":"onAuthenticationRequest:microsoft"}
[2021-05-10 12:47:19.274] [exthost] [info] ExtensionService#loadCommonJSModule file:///snap/code-insiders/707/usr/share/code-insiders/resources/app/extensions/microsoft-authentication/dist/extension.js
[2021-05-10 12:47:19.373] [exthost] [info] ExtensionService#_doActivateExtension octref.vetur {"startup":false,"extensionId":{"value":"octref.vetur","_lower":"octref.vetur"},"activationEvent":"onLanguage:vue"}
[2021-05-10 12:47:19.373] [exthost] [info] ExtensionService#loadCommonJSModule file:///home/tinku/.vscode-insiders/extensions/octref.vetur-0.33.1/dist/vueMain.js
[2021-05-10 12:47:19.533] [exthost] [info] ExtensionService#_doActivateExtension vscode.debug-auto-launch {"startup":true,"extensionId":{"value":"vscode.debug-auto-launch","_lower":"vscode.debug-auto-launch"},"activationEvent":"*"}
[2021-05-10 12:47:19.533] [exthost] [info] ExtensionService#loadCommonJSModule file:///snap/code-insiders/707/usr/share/code-insiders/resources/app/extensions/debug-auto-launch/dist/extension
[2021-05-10 12:47:19.582] [exthost] [info] ExtensionService#_doActivateExtension vscode.git {"startup":true,"extensionId":{"value":"vscode.github","_lower":"vscode.github"},"activationEvent":"*"}
[2021-05-10 12:47:19.582] [exthost] [info] ExtensionService#loadCommonJSModule file:///snap/code-insiders/707/usr/share/code-insiders/resources/app/extensions/git/dist/main
[2021-05-10 12:47:19.665] [exthost] [info] ExtensionService#_doActivateExtension sainnhe.gruvbox-material {"startup":true,"extensionId":{"value":"sainnhe.gruvbox-material","_lower":"sainnhe.gruvbox-material"},"activationEvent":"*"}
[2021-05-10 12:47:19.665] [exthost] [info] ExtensionService#loadCommonJSModule file:///home/tinku/.vscode-insiders/extensions/sainnhe.gruvbox-material-6.4.3/out/extension.js
[2021-05-10 12:47:20.115] [exthost] [info] ExtensionService#_doActivateExtension vscodevim.vim {"startup":true,"extensionId":{"value":"vscodevim.vim","_lower":"vscodevim.vim"},"activationEvent":"*"}
[2021-05-10 12:47:20.115] [exthost] [info] ExtensionService#loadCommonJSModule file:///home/tinku/.vscode-insiders/extensions/vscodevim.vim-1.20.2/out/extension
[2021-05-10 12:47:20.253] [exthost] [info] ExtensionService#_doActivateExtension vscode.npm {"startup":true,"extensionId":{"value":"vscode.npm","_lower":"vscode.npm"},"activationEvent":"workspaceContains:package.json"}
[2021-05-10 12:47:20.253] [exthost] [info] ExtensionService#loadCommonJSModule file:///snap/code-insiders/707/usr/share/code-insiders/resources/app/extensions/npm/dist/npmMain
[2021-05-10 12:47:20.294] [exthost] [info] ExtensionService#_doActivateExtension yzhang.markdown-all-in-one {"startup":true,"extensionId":{"value":"yzhang.markdown-all-in-one","_lower":"yzhang.markdown-all-in-one"},"activationEvent":"workspaceContains:README.md"}
[2021-05-10 12:47:20.294] [exthost] [info] ExtensionService#loadCommonJSModule file:///home/tinku/.vscode-insiders/extensions/yzhang.markdown-all-in-one-3.4.0/dist/extension
[2021-05-10 12:47:21.479] [exthost] [info] ExtensionService#_doActivateExtension vscode.github {"startup":true,"extensionId":{"value":"vscode.github","_lower":"vscode.github"},"activationEvent":"*"}
[2021-05-10 12:47:21.480] [exthost] [info] ExtensionService#loadCommonJSModule file:///snap/code-insiders/707/usr/share/code-insiders/resources/app/extensions/github/dist/extension.js
[2021-05-10 12:47:21.775] [exthost] [info] ExtensionService#_doActivateExtension ms-vscode.js-debug {"startup":false,"extensionId":{"value":"ms-vscode.js-debug","_lower":"ms-vscode.js-debug"},"activationEvent":"onCommand:extension.js-debug.clearAutoAttachVariables"}
[2021-05-10 12:47:21.775] [exthost] [info] ExtensionService#loadCommonJSModule file:///snap/code-insiders/707/usr/share/code-insiders/resources/app/extensions/ms-vscode.js-debug/src/extension.js
[2021-05-10 12:47:22.805] [exthost] [info] ExtensionService#_doActivateExtension vscode.configuration-editing {"startup":false,"extensionId":{"value":"vscode.configuration-editing","_lower":"vscode.configuration-editing"},"activationEvent":"onLanguage:jsonc"}
[2021-05-10 12:47:22.806] [exthost] [info] ExtensionService#loadCommonJSModule file:///snap/code-insiders/707/usr/share/code-insiders/resources/app/extensions/configuration-editing/dist/configurationEditingMain
[2021-05-10 12:47:22.901] [exthost] [info] ExtensionService#_doActivateExtension vscode.json-language-features {"startup":false,"extensionId":{"value":"vscode.json-language-features","_lower":"vscode.json-language-features"},"activationEvent":"onLanguage:jsonc"}
[2021-05-10 12:47:22.901] [exthost] [info] ExtensionService#loadCommonJSModule file:///snap/code-insiders/707/usr/share/code-insiders/resources/app/extensions/json-language-features/client/dist/node/jsonClientMain
[2021-05-10 12:47:23.009] [exthost] [info] ExtensionService#_doActivateExtension vscode.typescript-language-features {"startup":false,"extensionId":{"value":"vscode.typescript-language-features","_lower":"vscode.typescript-language-features"},"activationEvent":"onLanguage:jsonc"}
[2021-05-10 12:47:23.012] [exthost] [info] ExtensionService#loadCommonJSModule file:///snap/code-insiders/707/usr/share/code-insiders/resources/app/extensions/typescript-language-features/dist/extension
[2021-05-10 12:47:23.252] [exthost] [info] eager extensions activated
[2021-05-10 12:47:23.349] [exthost] [info] ExtensionService#_doActivateExtension vscode.emmet {"startup":false,"extensionId":{"value":"vscode.emmet","_lower":"vscode.emmet"},"activationEvent":"onStartupFinished"}
[2021-05-10 12:47:23.349] [exthost] [info] ExtensionService#loadCommonJSModule file:///snap/code-insiders/707/usr/share/code-insiders/resources/app/extensions/emmet/dist/node/emmetNodeMain
[2021-05-10 12:47:23.393] [exthost] [info] ExtensionService#_doActivateExtension vscode.merge-conflict {"startup":false,"extensionId":{"value":"vscode.merge-conflict","_lower":"vscode.merge-conflict"},"activationEvent":"onStartupFinished"}
[2021-05-10 12:47:23.393] [exthost] [info] ExtensionService#loadCommonJSModule file:///snap/code-insiders/707/usr/share/code-insiders/resources/app/extensions/merge-conflict/dist/mergeConflictMain
[2021-05-10 12:47:23.414] [exthost] [info] ExtensionService#_doActivateExtension vscode.testing-editor-contributions {"startup":false,"extensionId":{"value":"vscode.testing-editor-contributions","_lower":"vscode.testing-editor-contributions"},"activationEvent":"onStartupFinished"}
[2021-05-10 12:47:23.414] [exthost] [info] ExtensionService#loadCommonJSModule file:///snap/code-insiders/707/usr/share/code-insiders/resources/app/extensions/testing-editor-contributions/dist/extension.js
[2021-05-10 12:47:23.426] [exthost] [info] ExtensionService#_doActivateExtension bradlc.vscode-tailwindcss {"startup":false,"extensionId":{"value":"bradlc.vscode-tailwindcss","_lower":"bradlc.vscode-tailwindcss"},"activationEvent":"onStartupFinished"}
[2021-05-10 12:47:23.427] [exthost] [info] ExtensionService#loadCommonJSModule file:///home/tinku/.vscode-insiders/extensions/bradlc.vscode-tailwindcss-0.6.2/dist/extension/index.js
[2021-05-10 12:47:23.580] [exthost] [info] ExtensionService#_doActivateExtension vscode.github-authentication {"startup":false,"extensionId":{"value":"vscode.github-authentication","_lower":"vscode.github-authentication"},"activationEvent":"onAuthenticationRequest:github"}
[2021-05-10 12:47:23.580] [exthost] [info] ExtensionService#loadCommonJSModule file:///snap/code-insiders/707/usr/share/code-insiders/resources/app/extensions/github-authentication/dist/extension.js
[2021-05-10 12:47:52.691] [exthost] [info] ExtensionService#_doActivateExtension vscode.extension-editing {"startup":false,"extensionId":{"value":"vscode.extension-editing","_lower":"vscode.extension-editing"},"activationEvent":"onLanguage:json"}
[2021-05-10 12:47:52.691] [exthost] [info] ExtensionService#loadCommonJSModule file:///snap/code-insiders/707/usr/share/code-insiders/resources/app/extensions/extension-editing/dist/extensionEditingMain
[2021-05-10 13:24:45.346] [exthost] [info] ExtensionService#_doActivateExtension vscode.css-language-features {"startup":false,"extensionId":{"value":"vscode.css-language-features","_lower":"vscode.css-language-features"},"activationEvent":"onLanguage:css"}
[2021-05-10 13:24:45.346] [exthost] [info] ExtensionService#loadCommonJSModule file:///snap/code-insiders/707/usr/share/code-insiders/resources/app/extensions/css-language-features/client/dist/node/cssClientMain
[2021-05-10 13:24:50.323] [exthost] [info] extension host terminating: received terminate message from renderer
[2021-05-10 13:24:51.378] [exthost] [info] exiting with code 0
