[2021-04-26 21:13:49.827] [exthost] [info] extension host started
[2021-04-26 21:13:50.096] [exthost] [info] ExtensionService#_doActivateExtension vscode.microsoft-authentication {"startup":false,"extensionId":{"value":"vscode.microsoft-authentication","_lower":"vscode.microsoft-authentication"},"activationEvent":"onAuthenticationRequest:microsoft"}
[2021-04-26 21:13:50.097] [exthost] [info] ExtensionService#loadCommonJSModule file:///snap/code-insiders/692/usr/share/code-insiders/resources/app/extensions/microsoft-authentication/dist/extension.js
[2021-04-26 21:13:50.183] [exthost] [info] ExtensionService#_doActivateExtension vscode.debug-auto-launch {"startup":true,"extensionId":{"value":"vscode.debug-auto-launch","_lower":"vscode.debug-auto-launch"},"activationEvent":"*"}
[2021-04-26 21:13:50.183] [exthost] [info] ExtensionService#loadCommonJSModule file:///snap/code-insiders/692/usr/share/code-insiders/resources/app/extensions/debug-auto-launch/dist/extension
[2021-04-26 21:13:50.203] [exthost] [info] ExtensionService#_doActivateExtension vscode.git {"startup":true,"extensionId":{"value":"vscode.github","_lower":"vscode.github"},"activationEvent":"*"}
[2021-04-26 21:13:50.204] [exthost] [info] ExtensionService#loadCommonJSModule file:///snap/code-insiders/692/usr/share/code-insiders/resources/app/extensions/git/dist/main
[2021-04-26 21:13:50.348] [exthost] [info] ExtensionService#_doActivateExtension sainnhe.gruvbox-material {"startup":true,"extensionId":{"value":"sainnhe.gruvbox-material","_lower":"sainnhe.gruvbox-material"},"activationEvent":"*"}
[2021-04-26 21:13:50.348] [exthost] [info] ExtensionService#loadCommonJSModule file:///home/tinku/.vscode-insiders/extensions/sainnhe.gruvbox-material-6.3.9/out/extension.js
[2021-04-26 21:13:50.791] [exthost] [info] ExtensionService#_doActivateExtension vscodevim.vim {"startup":true,"extensionId":{"value":"vscodevim.vim","_lower":"vscodevim.vim"},"activationEvent":"*"}
[2021-04-26 21:13:50.792] [exthost] [info] ExtensionService#loadCommonJSModule file:///home/tinku/.vscode-insiders/extensions/vscodevim.vim-1.19.3/out/extension
[2021-04-26 21:13:51.037] [exthost] [info] ExtensionService#_doActivateExtension yzhang.markdown-all-in-one {"startup":true,"extensionId":{"value":"yzhang.markdown-all-in-one","_lower":"yzhang.markdown-all-in-one"},"activationEvent":"workspaceContains:README.md"}
[2021-04-26 21:13:51.037] [exthost] [info] ExtensionService#loadCommonJSModule file:///home/tinku/.vscode-insiders/extensions/yzhang.markdown-all-in-one-3.4.0/dist/extension
[2021-04-26 21:13:52.117] [exthost] [info] ExtensionService#_doActivateExtension vscode.github {"startup":true,"extensionId":{"value":"vscode.github","_lower":"vscode.github"},"activationEvent":"*"}
[2021-04-26 21:13:52.117] [exthost] [info] ExtensionService#loadCommonJSModule file:///snap/code-insiders/692/usr/share/code-insiders/resources/app/extensions/github/dist/extension.js
[2021-04-26 21:13:52.204] [exthost] [info] ExtensionService#_doActivateExtension ms-vscode.js-debug {"startup":false,"extensionId":{"value":"ms-vscode.js-debug","_lower":"ms-vscode.js-debug"},"activationEvent":"onCommand:extension.js-debug.clearAutoAttachVariables"}
[2021-04-26 21:13:52.204] [exthost] [info] ExtensionService#loadCommonJSModule file:///snap/code-insiders/692/usr/share/code-insiders/resources/app/extensions/ms-vscode.js-debug/src/extension.js
[2021-04-26 21:13:52.611] [exthost] [info] eager extensions activated
[2021-04-26 21:13:52.645] [exthost] [info] ExtensionService#_doActivateExtension vscode.emmet {"startup":false,"extensionId":{"value":"vscode.emmet","_lower":"vscode.emmet"},"activationEvent":"onStartupFinished"}
[2021-04-26 21:13:52.646] [exthost] [info] ExtensionService#loadCommonJSModule file:///snap/code-insiders/692/usr/share/code-insiders/resources/app/extensions/emmet/dist/node/emmetNodeMain
[2021-04-26 21:13:52.664] [exthost] [info] ExtensionService#_doActivateExtension vscode.merge-conflict {"startup":false,"extensionId":{"value":"vscode.merge-conflict","_lower":"vscode.merge-conflict"},"activationEvent":"onStartupFinished"}
[2021-04-26 21:13:52.665] [exthost] [info] ExtensionService#loadCommonJSModule file:///snap/code-insiders/692/usr/share/code-insiders/resources/app/extensions/merge-conflict/dist/mergeConflictMain
[2021-04-26 21:13:52.669] [exthost] [info] ExtensionService#_doActivateExtension vscode.testing-editor-contributions {"startup":false,"extensionId":{"value":"vscode.testing-editor-contributions","_lower":"vscode.testing-editor-contributions"},"activationEvent":"onStartupFinished"}
[2021-04-26 21:13:52.669] [exthost] [info] ExtensionService#loadCommonJSModule file:///snap/code-insiders/692/usr/share/code-insiders/resources/app/extensions/testing-editor-contributions/dist/extension.js
[2021-04-26 21:13:52.737] [exthost] [info] ExtensionService#_doActivateExtension vscode.github-authentication {"startup":false,"extensionId":{"value":"vscode.github-authentication","_lower":"vscode.github-authentication"},"activationEvent":"onAuthenticationRequest:github"}
[2021-04-26 21:13:52.737] [exthost] [info] ExtensionService#loadCommonJSModule file:///snap/code-insiders/692/usr/share/code-insiders/resources/app/extensions/github-authentication/dist/extension.js
[2021-04-26 21:13:56.641] [exthost] [info] extension host terminating: received terminate message from renderer
[2021-04-26 21:13:57.655] [exthost] [info] exiting with code 0
[2021-04-26 21:14:00.595] [exthost] [info] extension host started
[2021-04-26 21:14:00.778] [exthost] [info] ExtensionService#_doActivateExtension vscode.microsoft-authentication {"startup":false,"extensionId":{"value":"vscode.microsoft-authentication","_lower":"vscode.microsoft-authentication"},"activationEvent":"onAuthenticationRequest:microsoft"}
[2021-04-26 21:14:00.778] [exthost] [info] ExtensionService#loadCommonJSModule file:///snap/code-insiders/692/usr/share/code-insiders/resources/app/extensions/microsoft-authentication/dist/extension.js
[2021-04-26 21:14:00.809] [exthost] [info] ExtensionService#_doActivateExtension vscode.debug-auto-launch {"startup":true,"extensionId":{"value":"vscode.debug-auto-launch","_lower":"vscode.debug-auto-launch"},"activationEvent":"*"}
[2021-04-26 21:14:00.809] [exthost] [info] ExtensionService#loadCommonJSModule file:///snap/code-insiders/692/usr/share/code-insiders/resources/app/extensions/debug-auto-launch/dist/extension
[2021-04-26 21:14:00.815] [exthost] [info] ExtensionService#_doActivateExtension vscode.git {"startup":true,"extensionId":{"value":"vscode.github","_lower":"vscode.github"},"activationEvent":"*"}
[2021-04-26 21:14:00.815] [exthost] [info] ExtensionService#loadCommonJSModule file:///snap/code-insiders/692/usr/share/code-insiders/resources/app/extensions/git/dist/main
[2021-04-26 21:14:00.920] [exthost] [info] ExtensionService#_doActivateExtension sainnhe.gruvbox-material {"startup":true,"extensionId":{"value":"sainnhe.gruvbox-material","_lower":"sainnhe.gruvbox-material"},"activationEvent":"*"}
[2021-04-26 21:14:00.920] [exthost] [info] ExtensionService#loadCommonJSModule file:///home/tinku/.vscode-insiders/extensions/sainnhe.gruvbox-material-6.4.0/out/extension.js
[2021-04-26 21:14:00.948] [exthost] [info] ExtensionService#_doActivateExtension vscodevim.vim {"startup":true,"extensionId":{"value":"vscodevim.vim","_lower":"vscodevim.vim"},"activationEvent":"*"}
[2021-04-26 21:14:00.948] [exthost] [info] ExtensionService#loadCommonJSModule file:///home/tinku/.vscode-insiders/extensions/vscodevim.vim-1.20.1/out/extension
[2021-04-26 21:14:01.161] [exthost] [info] ExtensionService#_doActivateExtension vscode.npm {"startup":true,"extensionId":{"value":"vscode.npm","_lower":"vscode.npm"},"activationEvent":"workspaceContains:package.json"}
[2021-04-26 21:14:01.161] [exthost] [info] ExtensionService#loadCommonJSModule file:///snap/code-insiders/692/usr/share/code-insiders/resources/app/extensions/npm/dist/npmMain
[2021-04-26 21:14:01.233] [exthost] [info] ExtensionService#_doActivateExtension yzhang.markdown-all-in-one {"startup":true,"extensionId":{"value":"yzhang.markdown-all-in-one","_lower":"yzhang.markdown-all-in-one"},"activationEvent":"workspaceContains:README.md"}
[2021-04-26 21:14:01.233] [exthost] [info] ExtensionService#loadCommonJSModule file:///home/tinku/.vscode-insiders/extensions/yzhang.markdown-all-in-one-3.4.0/dist/extension
[2021-04-26 21:14:02.587] [exthost] [info] ExtensionService#_doActivateExtension vscode.github {"startup":true,"extensionId":{"value":"vscode.github","_lower":"vscode.github"},"activationEvent":"*"}
[2021-04-26 21:14:02.588] [exthost] [info] ExtensionService#loadCommonJSModule file:///snap/code-insiders/692/usr/share/code-insiders/resources/app/extensions/github/dist/extension.js
[2021-04-26 21:14:02.783] [exthost] [info] ExtensionService#_doActivateExtension ms-vscode.js-debug {"startup":false,"extensionId":{"value":"ms-vscode.js-debug","_lower":"ms-vscode.js-debug"},"activationEvent":"onCommand:extension.js-debug.clearAutoAttachVariables"}
[2021-04-26 21:14:02.784] [exthost] [info] ExtensionService#loadCommonJSModule file:///snap/code-insiders/692/usr/share/code-insiders/resources/app/extensions/ms-vscode.js-debug/src/extension.js
[2021-04-26 21:14:03.377] [exthost] [info] ExtensionService#_doActivateExtension vscode.github-authentication {"startup":false,"extensionId":{"value":"vscode.github-authentication","_lower":"vscode.github-authentication"},"activationEvent":"onAuthenticationRequest:github"}
[2021-04-26 21:14:03.377] [exthost] [info] ExtensionService#loadCommonJSModule file:///snap/code-insiders/692/usr/share/code-insiders/resources/app/extensions/github-authentication/dist/extension.js
[2021-04-26 21:14:03.532] [exthost] [info] eager extensions activated
[2021-04-26 21:14:03.538] [exthost] [info] ExtensionService#_doActivateExtension vscode.emmet {"startup":false,"extensionId":{"value":"vscode.emmet","_lower":"vscode.emmet"},"activationEvent":"onStartupFinished"}
[2021-04-26 21:14:03.539] [exthost] [info] ExtensionService#loadCommonJSModule file:///snap/code-insiders/692/usr/share/code-insiders/resources/app/extensions/emmet/dist/node/emmetNodeMain
[2021-04-26 21:14:03.562] [exthost] [info] ExtensionService#_doActivateExtension vscode.merge-conflict {"startup":false,"extensionId":{"value":"vscode.merge-conflict","_lower":"vscode.merge-conflict"},"activationEvent":"onStartupFinished"}
[2021-04-26 21:14:03.562] [exthost] [info] ExtensionService#loadCommonJSModule file:///snap/code-insiders/692/usr/share/code-insiders/resources/app/extensions/merge-conflict/dist/mergeConflictMain
[2021-04-26 21:14:03.570] [exthost] [info] ExtensionService#_doActivateExtension vscode.testing-editor-contributions {"startup":false,"extensionId":{"value":"vscode.testing-editor-contributions","_lower":"vscode.testing-editor-contributions"},"activationEvent":"onStartupFinished"}
[2021-04-26 21:14:03.570] [exthost] [info] ExtensionService#loadCommonJSModule file:///snap/code-insiders/692/usr/share/code-insiders/resources/app/extensions/testing-editor-contributions/dist/extension.js
[2021-04-26 21:14:08.656] [exthost] [info] ExtensionService#_doActivateExtension vscode.extension-editing {"startup":false,"extensionId":{"value":"vscode.extension-editing","_lower":"vscode.extension-editing"},"activationEvent":"onLanguage:typescript"}
[2021-04-26 21:14:08.656] [exthost] [info] ExtensionService#loadCommonJSModule file:///snap/code-insiders/692/usr/share/code-insiders/resources/app/extensions/extension-editing/dist/extensionEditingMain
[2021-04-26 21:14:08.747] [exthost] [info] ExtensionService#_doActivateExtension vscode.typescript-language-features {"startup":false,"extensionId":{"value":"vscode.typescript-language-features","_lower":"vscode.typescript-language-features"},"activationEvent":"onLanguage:typescript"}
[2021-04-26 21:14:08.747] [exthost] [info] ExtensionService#loadCommonJSModule file:///snap/code-insiders/692/usr/share/code-insiders/resources/app/extensions/typescript-language-features/dist/extension
[2021-04-26 21:14:10.681] [exthost] [info] ExtensionService#_doActivateExtension vscode.configuration-editing {"startup":false,"extensionId":{"value":"vscode.configuration-editing","_lower":"vscode.configuration-editing"},"activationEvent":"onLanguage:jsonc"}
[2021-04-26 21:14:10.681] [exthost] [info] ExtensionService#loadCommonJSModule file:///snap/code-insiders/692/usr/share/code-insiders/resources/app/extensions/configuration-editing/dist/configurationEditingMain
[2021-04-26 21:14:10.692] [exthost] [info] ExtensionService#_doActivateExtension vscode.json-language-features {"startup":false,"extensionId":{"value":"vscode.json-language-features","_lower":"vscode.json-language-features"},"activationEvent":"onLanguage:jsonc"}
[2021-04-26 21:14:10.692] [exthost] [info] ExtensionService#loadCommonJSModule file:///snap/code-insiders/692/usr/share/code-insiders/resources/app/extensions/json-language-features/client/dist/node/jsonClientMain
[2021-04-26 21:49:36.205] [exthost] [info] ExtensionService#_doActivateExtension Angular.ng-template {"startup":false,"extensionId":{"value":"Angular.ng-template","_lower":"angular.ng-template"},"activationEvent":"onLanguage:typescript"}
[2021-04-26 21:49:36.205] [exthost] [info] ExtensionService#loadCommonJSModule file:///home/tinku/.vscode-insiders/extensions/angular.ng-template-11.2.12/index
[2021-04-26 21:50:06.761] [exthost] [error] actual command NOT FOUND _vscode_delegate_cmd_knyrt9hh
[2021-04-26 21:56:42.601] [exthost] [error] actual command NOT FOUND _vscode_delegate_cmd_knyrt9hh
[2021-04-26 21:56:53.474] [exthost] [info] extension host terminating: received terminate message from renderer
[2021-04-26 21:56:54.515] [exthost] [info] exiting with code 0
[2021-04-26 21:56:59.220] [exthost] [info] extension host started
[2021-04-26 21:56:59.535] [exthost] [info] ExtensionService#_doActivateExtension vscode.microsoft-authentication {"startup":false,"extensionId":{"value":"vscode.microsoft-authentication","_lower":"vscode.microsoft-authentication"},"activationEvent":"onAuthenticationRequest:microsoft"}
[2021-04-26 21:56:59.535] [exthost] [info] ExtensionService#loadCommonJSModule file:///snap/code-insiders/692/usr/share/code-insiders/resources/app/extensions/microsoft-authentication/dist/extension.js
[2021-04-26 21:56:59.587] [exthost] [info] ExtensionService#_doActivateExtension vscode.extension-editing {"startup":false,"extensionId":{"value":"vscode.extension-editing","_lower":"vscode.extension-editing"},"activationEvent":"onLanguage:typescript"}
[2021-04-26 21:56:59.587] [exthost] [info] ExtensionService#loadCommonJSModule file:///snap/code-insiders/692/usr/share/code-insiders/resources/app/extensions/extension-editing/dist/extensionEditingMain
[2021-04-26 21:56:59.650] [exthost] [info] ExtensionService#_doActivateExtension vscode.typescript-language-features {"startup":false,"extensionId":{"value":"vscode.typescript-language-features","_lower":"vscode.typescript-language-features"},"activationEvent":"onLanguage:typescript"}
[2021-04-26 21:56:59.650] [exthost] [info] ExtensionService#loadCommonJSModule file:///snap/code-insiders/692/usr/share/code-insiders/resources/app/extensions/typescript-language-features/dist/extension
[2021-04-26 21:56:59.731] [exthost] [info] ExtensionService#_doActivateExtension vscode.debug-auto-launch {"startup":true,"extensionId":{"value":"vscode.debug-auto-launch","_lower":"vscode.debug-auto-launch"},"activationEvent":"*"}
[2021-04-26 21:56:59.731] [exthost] [info] ExtensionService#loadCommonJSModule file:///snap/code-insiders/692/usr/share/code-insiders/resources/app/extensions/debug-auto-launch/dist/extension
[2021-04-26 21:56:59.822] [exthost] [info] ExtensionService#_doActivateExtension vscode.git {"startup":true,"extensionId":{"value":"vscode.github","_lower":"vscode.github"},"activationEvent":"*"}
[2021-04-26 21:56:59.822] [exthost] [info] ExtensionService#loadCommonJSModule file:///snap/code-insiders/692/usr/share/code-insiders/resources/app/extensions/git/dist/main
[2021-04-26 21:56:59.905] [exthost] [info] ExtensionService#_doActivateExtension sainnhe.gruvbox-material {"startup":true,"extensionId":{"value":"sainnhe.gruvbox-material","_lower":"sainnhe.gruvbox-material"},"activationEvent":"*"}
[2021-04-26 21:56:59.905] [exthost] [info] ExtensionService#loadCommonJSModule file:///home/tinku/.vscode-insiders/extensions/sainnhe.gruvbox-material-6.4.0/out/extension.js
[2021-04-26 21:57:00.423] [exthost] [info] ExtensionService#_doActivateExtension vscodevim.vim {"startup":true,"extensionId":{"value":"vscodevim.vim","_lower":"vscodevim.vim"},"activationEvent":"*"}
[2021-04-26 21:57:00.423] [exthost] [info] ExtensionService#loadCommonJSModule file:///home/tinku/.vscode-insiders/extensions/vscodevim.vim-1.20.1/out/extension
[2021-04-26 21:57:00.614] [exthost] [info] ExtensionService#_doActivateExtension vscode.npm {"startup":true,"extensionId":{"value":"vscode.npm","_lower":"vscode.npm"},"activationEvent":"workspaceContains:package.json"}
[2021-04-26 21:57:00.615] [exthost] [info] ExtensionService#loadCommonJSModule file:///snap/code-insiders/692/usr/share/code-insiders/resources/app/extensions/npm/dist/npmMain
[2021-04-26 21:57:00.777] [exthost] [info] ExtensionService#_doActivateExtension yzhang.markdown-all-in-one {"startup":true,"extensionId":{"value":"yzhang.markdown-all-in-one","_lower":"yzhang.markdown-all-in-one"},"activationEvent":"workspaceContains:README.md"}
[2021-04-26 21:57:00.777] [exthost] [info] ExtensionService#loadCommonJSModule file:///home/tinku/.vscode-insiders/extensions/yzhang.markdown-all-in-one-3.4.0/dist/extension
[2021-04-26 21:57:03.188] [exthost] [info] ExtensionService#_doActivateExtension vscode.github {"startup":true,"extensionId":{"value":"vscode.github","_lower":"vscode.github"},"activationEvent":"*"}
[2021-04-26 21:57:03.197] [exthost] [info] ExtensionService#loadCommonJSModule file:///snap/code-insiders/692/usr/share/code-insiders/resources/app/extensions/github/dist/extension.js
[2021-04-26 21:57:03.940] [exthost] [info] ExtensionService#_doActivateExtension ms-vscode.js-debug {"startup":false,"extensionId":{"value":"ms-vscode.js-debug","_lower":"ms-vscode.js-debug"},"activationEvent":"onCommand:extension.js-debug.clearAutoAttachVariables"}
[2021-04-26 21:57:03.961] [exthost] [info] ExtensionService#loadCommonJSModule file:///snap/code-insiders/692/usr/share/code-insiders/resources/app/extensions/ms-vscode.js-debug/src/extension.js
[2021-04-26 21:57:04.960] [exthost] [info] ExtensionService#_doActivateExtension vscode.configuration-editing {"startup":false,"extensionId":{"value":"vscode.configuration-editing","_lower":"vscode.configuration-editing"},"activationEvent":"onLanguage:jsonc"}
[2021-04-26 21:57:04.961] [exthost] [info] ExtensionService#loadCommonJSModule file:///snap/code-insiders/692/usr/share/code-insiders/resources/app/extensions/configuration-editing/dist/configurationEditingMain
[2021-04-26 21:57:04.988] [exthost] [info] ExtensionService#_doActivateExtension vscode.json-language-features {"startup":false,"extensionId":{"value":"vscode.json-language-features","_lower":"vscode.json-language-features"},"activationEvent":"onLanguage:jsonc"}
[2021-04-26 21:57:04.988] [exthost] [info] ExtensionService#loadCommonJSModule file:///snap/code-insiders/692/usr/share/code-insiders/resources/app/extensions/json-language-features/client/dist/node/jsonClientMain
[2021-04-26 21:57:05.173] [exthost] [info] eager extensions activated
[2021-04-26 21:57:05.411] [exthost] [info] ExtensionService#_doActivateExtension vscode.emmet {"startup":false,"extensionId":{"value":"vscode.emmet","_lower":"vscode.emmet"},"activationEvent":"onStartupFinished"}
[2021-04-26 21:57:05.411] [exthost] [info] ExtensionService#loadCommonJSModule file:///snap/code-insiders/692/usr/share/code-insiders/resources/app/extensions/emmet/dist/node/emmetNodeMain
[2021-04-26 21:57:05.448] [exthost] [info] ExtensionService#_doActivateExtension vscode.merge-conflict {"startup":false,"extensionId":{"value":"vscode.merge-conflict","_lower":"vscode.merge-conflict"},"activationEvent":"onStartupFinished"}
[2021-04-26 21:57:05.449] [exthost] [info] ExtensionService#loadCommonJSModule file:///snap/code-insiders/692/usr/share/code-insiders/resources/app/extensions/merge-conflict/dist/mergeConflictMain
[2021-04-26 21:57:05.486] [exthost] [info] ExtensionService#_doActivateExtension vscode.testing-editor-contributions {"startup":false,"extensionId":{"value":"vscode.testing-editor-contributions","_lower":"vscode.testing-editor-contributions"},"activationEvent":"onStartupFinished"}
[2021-04-26 21:57:05.486] [exthost] [info] ExtensionService#loadCommonJSModule file:///snap/code-insiders/692/usr/share/code-insiders/resources/app/extensions/testing-editor-contributions/dist/extension.js
[2021-04-26 21:57:05.849] [exthost] [info] ExtensionService#_doActivateExtension vscode.github-authentication {"startup":false,"extensionId":{"value":"vscode.github-authentication","_lower":"vscode.github-authentication"},"activationEvent":"onAuthenticationRequest:github"}
[2021-04-26 21:57:05.850] [exthost] [info] ExtensionService#loadCommonJSModule file:///snap/code-insiders/692/usr/share/code-insiders/resources/app/extensions/github-authentication/dist/extension.js
[2021-04-26 21:57:12.810] [exthost] [error] actual command NOT FOUND _vscode_delegate_cmd_knytcj58
[2021-04-26 21:57:14.143] [exthost] [error] actual command NOT FOUND _vscode_delegate_cmd_knytcj58
[2021-04-26 21:57:14.690] [exthost] [error] actual command NOT FOUND _vscode_delegate_cmd_knytcj58
[2021-04-26 21:57:15.197] [exthost] [error] actual command NOT FOUND _vscode_delegate_cmd_knytcj58
[2021-04-26 21:57:16.289] [exthost] [error] actual command NOT FOUND _vscode_delegate_cmd_knytcj58
[2021-04-26 21:57:17.001] [exthost] [error] actual command NOT FOUND _vscode_delegate_cmd_knytcj58
[2021-04-26 21:57:20.242] [exthost] [error] actual command NOT FOUND _vscode_delegate_cmd_knytcj58
[2021-04-26 21:57:20.712] [exthost] [error] actual command NOT FOUND _vscode_delegate_cmd_knytcj58
[2021-04-26 21:57:28.149] [exthost] [error] actual command NOT FOUND _vscode_delegate_cmd_knytcj58
[2021-04-26 21:57:53.655] [exthost] [info] extension host terminating: received terminate message from renderer
[2021-04-26 21:57:54.741] [exthost] [info] exiting with code 0
