[2021-05-11 14:01:11.880] [exthost] [info] extension host started
[2021-05-11 14:01:11.965] [exthost] [info] ExtensionService#_doActivateExtension vscode.microsoft-authentication {"startup":false,"extensionId":{"value":"vscode.microsoft-authentication","_lower":"vscode.microsoft-authentication"},"activationEvent":"onAuthenticationRequest:microsoft"}
[2021-05-11 14:01:11.966] [exthost] [info] ExtensionService#loadCommonJSModule file:///snap/code-insiders/708/usr/share/code-insiders/resources/app/extensions/microsoft-authentication/dist/extension.js
[2021-05-11 14:01:11.993] [exthost] [info] ExtensionService#_doActivateExtension octref.vetur {"startup":false,"extensionId":{"value":"octref.vetur","_lower":"octref.vetur"},"activationEvent":"onLanguage:vue"}
[2021-05-11 14:01:11.993] [exthost] [info] ExtensionService#loadCommonJSModule file:///home/tinku/.vscode-insiders/extensions/octref.vetur-0.33.1/dist/vueMain.js
[2021-05-11 14:01:12.036] [exthost] [info] ExtensionService#_doActivateExtension vscode.debug-auto-launch {"startup":true,"extensionId":{"value":"vscode.debug-auto-launch","_lower":"vscode.debug-auto-launch"},"activationEvent":"*"}
[2021-05-11 14:01:12.036] [exthost] [info] ExtensionService#loadCommonJSModule file:///snap/code-insiders/708/usr/share/code-insiders/resources/app/extensions/debug-auto-launch/dist/extension
[2021-05-11 14:01:12.055] [exthost] [info] ExtensionService#_doActivateExtension vscode.git {"startup":true,"extensionId":{"value":"vscode.github","_lower":"vscode.github"},"activationEvent":"*"}
[2021-05-11 14:01:12.055] [exthost] [info] ExtensionService#loadCommonJSModule file:///snap/code-insiders/708/usr/share/code-insiders/resources/app/extensions/git/dist/main
[2021-05-11 14:01:12.102] [exthost] [info] ExtensionService#_doActivateExtension sainnhe.gruvbox-material {"startup":true,"extensionId":{"value":"sainnhe.gruvbox-material","_lower":"sainnhe.gruvbox-material"},"activationEvent":"*"}
[2021-05-11 14:01:12.102] [exthost] [info] ExtensionService#loadCommonJSModule file:///home/tinku/.vscode-insiders/extensions/sainnhe.gruvbox-material-6.4.3/out/extension.js
[2021-05-11 14:01:12.537] [exthost] [info] ExtensionService#_doActivateExtension vscodevim.vim {"startup":true,"extensionId":{"value":"vscodevim.vim","_lower":"vscodevim.vim"},"activationEvent":"*"}
[2021-05-11 14:01:12.537] [exthost] [info] ExtensionService#loadCommonJSModule file:///home/tinku/.vscode-insiders/extensions/vscodevim.vim-1.20.2/out/extension
[2021-05-11 14:01:12.657] [exthost] [info] ExtensionService#_doActivateExtension vscode.npm {"startup":true,"extensionId":{"value":"vscode.npm","_lower":"vscode.npm"},"activationEvent":"workspaceContains:package.json"}
[2021-05-11 14:01:12.657] [exthost] [info] ExtensionService#loadCommonJSModule file:///snap/code-insiders/708/usr/share/code-insiders/resources/app/extensions/npm/dist/npmMain
[2021-05-11 14:01:12.690] [exthost] [info] ExtensionService#_doActivateExtension yzhang.markdown-all-in-one {"startup":true,"extensionId":{"value":"yzhang.markdown-all-in-one","_lower":"yzhang.markdown-all-in-one"},"activationEvent":"workspaceContains:README.md"}
[2021-05-11 14:01:12.690] [exthost] [info] ExtensionService#loadCommonJSModule file:///home/tinku/.vscode-insiders/extensions/yzhang.markdown-all-in-one-3.4.0/dist/extension
[2021-05-11 14:01:13.652] [exthost] [info] ExtensionService#_doActivateExtension vscode.github {"startup":true,"extensionId":{"value":"vscode.github","_lower":"vscode.github"},"activationEvent":"*"}
[2021-05-11 14:01:13.652] [exthost] [info] ExtensionService#loadCommonJSModule file:///snap/code-insiders/708/usr/share/code-insiders/resources/app/extensions/github/dist/extension.js
[2021-05-11 14:01:13.778] [exthost] [info] ExtensionService#_doActivateExtension ms-vscode.js-debug {"startup":false,"extensionId":{"value":"ms-vscode.js-debug","_lower":"ms-vscode.js-debug"},"activationEvent":"onCommand:extension.js-debug.clearAutoAttachVariables"}
[2021-05-11 14:01:13.778] [exthost] [info] ExtensionService#loadCommonJSModule file:///snap/code-insiders/708/usr/share/code-insiders/resources/app/extensions/ms-vscode.js-debug/src/extension.js
[2021-05-11 14:01:14.378] [exthost] [info] ExtensionService#_doActivateExtension vscode.configuration-editing {"startup":false,"extensionId":{"value":"vscode.configuration-editing","_lower":"vscode.configuration-editing"},"activationEvent":"onLanguage:jsonc"}
[2021-05-11 14:01:14.378] [exthost] [info] ExtensionService#loadCommonJSModule file:///snap/code-insiders/708/usr/share/code-insiders/resources/app/extensions/configuration-editing/dist/configurationEditingMain
[2021-05-11 14:01:14.686] [exthost] [info] ExtensionService#_doActivateExtension vscode.json-language-features {"startup":false,"extensionId":{"value":"vscode.json-language-features","_lower":"vscode.json-language-features"},"activationEvent":"onLanguage:jsonc"}
[2021-05-11 14:01:14.686] [exthost] [info] ExtensionService#loadCommonJSModule file:///snap/code-insiders/708/usr/share/code-insiders/resources/app/extensions/json-language-features/client/dist/node/jsonClientMain
[2021-05-11 14:01:14.986] [exthost] [info] ExtensionService#_doActivateExtension vscode.typescript-language-features {"startup":false,"extensionId":{"value":"vscode.typescript-language-features","_lower":"vscode.typescript-language-features"},"activationEvent":"onLanguage:jsonc"}
[2021-05-11 14:01:14.986] [exthost] [info] ExtensionService#loadCommonJSModule file:///snap/code-insiders/708/usr/share/code-insiders/resources/app/extensions/typescript-language-features/dist/extension
[2021-05-11 14:01:15.087] [exthost] [info] ExtensionService#_doActivateExtension vscode.github-authentication {"startup":false,"extensionId":{"value":"vscode.github-authentication","_lower":"vscode.github-authentication"},"activationEvent":"onAuthenticationRequest:github"}
[2021-05-11 14:01:15.087] [exthost] [info] ExtensionService#loadCommonJSModule file:///snap/code-insiders/708/usr/share/code-insiders/resources/app/extensions/github-authentication/dist/extension.js
[2021-05-11 14:01:15.403] [exthost] [info] eager extensions activated
[2021-05-11 14:01:15.439] [exthost] [info] ExtensionService#_doActivateExtension vscode.emmet {"startup":false,"extensionId":{"value":"vscode.emmet","_lower":"vscode.emmet"},"activationEvent":"onStartupFinished"}
[2021-05-11 14:01:15.439] [exthost] [info] ExtensionService#loadCommonJSModule file:///snap/code-insiders/708/usr/share/code-insiders/resources/app/extensions/emmet/dist/node/emmetNodeMain
[2021-05-11 14:01:15.514] [exthost] [info] ExtensionService#_doActivateExtension vscode.merge-conflict {"startup":false,"extensionId":{"value":"vscode.merge-conflict","_lower":"vscode.merge-conflict"},"activationEvent":"onStartupFinished"}
[2021-05-11 14:01:15.514] [exthost] [info] ExtensionService#loadCommonJSModule file:///snap/code-insiders/708/usr/share/code-insiders/resources/app/extensions/merge-conflict/dist/mergeConflictMain
[2021-05-11 14:01:15.539] [exthost] [info] ExtensionService#_doActivateExtension vscode.testing-editor-contributions {"startup":false,"extensionId":{"value":"vscode.testing-editor-contributions","_lower":"vscode.testing-editor-contributions"},"activationEvent":"onStartupFinished"}
[2021-05-11 14:01:15.539] [exthost] [info] ExtensionService#loadCommonJSModule file:///snap/code-insiders/708/usr/share/code-insiders/resources/app/extensions/testing-editor-contributions/dist/extension.js
[2021-05-11 14:01:15.557] [exthost] [info] ExtensionService#_doActivateExtension bradlc.vscode-tailwindcss {"startup":false,"extensionId":{"value":"bradlc.vscode-tailwindcss","_lower":"bradlc.vscode-tailwindcss"},"activationEvent":"onStartupFinished"}
[2021-05-11 14:01:15.557] [exthost] [info] ExtensionService#loadCommonJSModule file:///home/tinku/.vscode-insiders/extensions/bradlc.vscode-tailwindcss-0.6.2/dist/extension/index.js
[2021-05-11 14:03:42.553] [exthost] [info] extension host terminating: received terminate message from renderer
[2021-05-11 14:03:43.569] [exthost] [info] exiting with code 0
