[2021-04-29 22:13:09.812] [exthost] [info] extension host started
[2021-04-29 22:13:10.055] [exthost] [info] ExtensionService#_doActivateExtension vscode.microsoft-authentication {"startup":false,"extensionId":{"value":"vscode.microsoft-authentication","_lower":"vscode.microsoft-authentication"},"activationEvent":"onAuthenticationRequest:microsoft"}
[2021-04-29 22:13:10.055] [exthost] [info] ExtensionService#loadCommonJSModule file:///snap/code-insiders/697/usr/share/code-insiders/resources/app/extensions/microsoft-authentication/dist/extension.js
[2021-04-29 22:13:10.153] [exthost] [info] ExtensionService#_doActivateExtension sumneko.lua {"startup":false,"extensionId":{"value":"sumneko.lua","_lower":"sumneko.lua"},"activationEvent":"onLanguage:lua"}
[2021-04-29 22:13:10.153] [exthost] [info] ExtensionService#loadCommonJSModule file:///home/tinku/.vscode-insiders/extensions/sumneko.lua-1.20.4/client/out/extension
[2021-04-29 22:13:15.905] [exthost] [info] ExtensionService#_doActivateExtension vscode.debug-auto-launch {"startup":true,"extensionId":{"value":"vscode.debug-auto-launch","_lower":"vscode.debug-auto-launch"},"activationEvent":"*"}
[2021-04-29 22:13:15.905] [exthost] [info] ExtensionService#loadCommonJSModule file:///snap/code-insiders/697/usr/share/code-insiders/resources/app/extensions/debug-auto-launch/dist/extension
[2021-04-29 22:13:16.116] [exthost] [info] ExtensionService#_doActivateExtension vscode.git {"startup":true,"extensionId":{"value":"vscode.github","_lower":"vscode.github"},"activationEvent":"*"}
[2021-04-29 22:13:16.116] [exthost] [info] ExtensionService#loadCommonJSModule file:///snap/code-insiders/697/usr/share/code-insiders/resources/app/extensions/git/dist/main
[2021-04-29 22:13:16.368] [exthost] [info] ExtensionService#_doActivateExtension sainnhe.gruvbox-material {"startup":true,"extensionId":{"value":"sainnhe.gruvbox-material","_lower":"sainnhe.gruvbox-material"},"activationEvent":"*"}
[2021-04-29 22:13:16.368] [exthost] [info] ExtensionService#loadCommonJSModule file:///home/tinku/.vscode-insiders/extensions/sainnhe.gruvbox-material-6.4.0/out/extension.js
[2021-04-29 22:13:17.395] [exthost] [info] ExtensionService#_doActivateExtension vscodevim.vim {"startup":true,"extensionId":{"value":"vscodevim.vim","_lower":"vscodevim.vim"},"activationEvent":"*"}
[2021-04-29 22:13:17.395] [exthost] [info] ExtensionService#loadCommonJSModule file:///home/tinku/.vscode-insiders/extensions/vscodevim.vim-1.20.1/out/extension
[2021-04-29 22:13:19.464] [exthost] [info] ExtensionService#_doActivateExtension ms-vscode.js-debug {"startup":false,"extensionId":{"value":"ms-vscode.js-debug","_lower":"ms-vscode.js-debug"},"activationEvent":"onCommand:extension.js-debug.clearAutoAttachVariables"}
[2021-04-29 22:13:19.465] [exthost] [info] ExtensionService#loadCommonJSModule file:///snap/code-insiders/697/usr/share/code-insiders/resources/app/extensions/ms-vscode.js-debug/src/extension.js
[2021-04-29 22:13:20.319] [exthost] [info] ExtensionService#_doActivateExtension vscode.emmet {"startup":false,"extensionId":{"value":"vscode.emmet","_lower":"vscode.emmet"},"activationEvent":"onStartupFinished"}
[2021-04-29 22:13:20.319] [exthost] [info] ExtensionService#loadCommonJSModule file:///snap/code-insiders/697/usr/share/code-insiders/resources/app/extensions/emmet/dist/node/emmetNodeMain
[2021-04-29 22:13:20.405] [exthost] [info] ExtensionService#_doActivateExtension vscode.merge-conflict {"startup":false,"extensionId":{"value":"vscode.merge-conflict","_lower":"vscode.merge-conflict"},"activationEvent":"onStartupFinished"}
[2021-04-29 22:13:20.405] [exthost] [info] ExtensionService#loadCommonJSModule file:///snap/code-insiders/697/usr/share/code-insiders/resources/app/extensions/merge-conflict/dist/mergeConflictMain
[2021-04-29 22:13:20.412] [exthost] [info] ExtensionService#_doActivateExtension vscode.testing-editor-contributions {"startup":false,"extensionId":{"value":"vscode.testing-editor-contributions","_lower":"vscode.testing-editor-contributions"},"activationEvent":"onStartupFinished"}
[2021-04-29 22:13:20.412] [exthost] [info] ExtensionService#loadCommonJSModule file:///snap/code-insiders/697/usr/share/code-insiders/resources/app/extensions/testing-editor-contributions/dist/extension.js
[2021-04-29 22:13:20.523] [exthost] [info] ExtensionService#_doActivateExtension vscode.github {"startup":true,"extensionId":{"value":"vscode.github","_lower":"vscode.github"},"activationEvent":"*"}
[2021-04-29 22:13:20.523] [exthost] [info] ExtensionService#loadCommonJSModule file:///snap/code-insiders/697/usr/share/code-insiders/resources/app/extensions/github/dist/extension.js
[2021-04-29 22:13:20.683] [exthost] [info] eager extensions activated
[2021-04-29 22:13:20.733] [exthost] [info] ExtensionService#_doActivateExtension vscode.configuration-editing {"startup":false,"extensionId":{"value":"vscode.configuration-editing","_lower":"vscode.configuration-editing"},"activationEvent":"onLanguage:jsonc"}
[2021-04-29 22:13:20.733] [exthost] [info] ExtensionService#loadCommonJSModule file:///snap/code-insiders/697/usr/share/code-insiders/resources/app/extensions/configuration-editing/dist/configurationEditingMain
[2021-04-29 22:13:20.874] [exthost] [info] ExtensionService#_doActivateExtension vscode.json-language-features {"startup":false,"extensionId":{"value":"vscode.json-language-features","_lower":"vscode.json-language-features"},"activationEvent":"onLanguage:jsonc"}
[2021-04-29 22:13:20.874] [exthost] [info] ExtensionService#loadCommonJSModule file:///snap/code-insiders/697/usr/share/code-insiders/resources/app/extensions/json-language-features/client/dist/node/jsonClientMain
[2021-04-29 22:13:21.076] [exthost] [info] ExtensionService#_doActivateExtension vscode.typescript-language-features {"startup":false,"extensionId":{"value":"vscode.typescript-language-features","_lower":"vscode.typescript-language-features"},"activationEvent":"onLanguage:jsonc"}
[2021-04-29 22:13:21.076] [exthost] [info] ExtensionService#loadCommonJSModule file:///snap/code-insiders/697/usr/share/code-insiders/resources/app/extensions/typescript-language-features/dist/extension
[2021-04-29 22:13:21.348] [exthost] [info] ExtensionService#_doActivateExtension vscode.github-authentication {"startup":false,"extensionId":{"value":"vscode.github-authentication","_lower":"vscode.github-authentication"},"activationEvent":"onAuthenticationRequest:github"}
[2021-04-29 22:13:21.348] [exthost] [info] ExtensionService#loadCommonJSModule file:///snap/code-insiders/697/usr/share/code-insiders/resources/app/extensions/github-authentication/dist/extension.js
[2021-04-29 22:13:25.801] [exthost] [warning] [Decorations] CAPPING events from decorations provider vscode.git 1778
[2021-04-29 22:13:33.503] [exthost] [info] extension host terminating: received terminate message from renderer
[2021-04-29 22:13:33.911] [exthost] [error] [sumneko.lua] provider FAILED
[2021-04-29 22:13:33.912] [exthost] [error] Error: Connection got disposed.
    at Object.dispose (/home/tinku/.vscode-insiders/extensions/sumneko.lua-1.20.4/client/node_modules/vscode-jsonrpc/lib/common/connection.js:1062:27)
    at Object.dispose (/home/tinku/.vscode-insiders/extensions/sumneko.lua-1.20.4/client/node_modules/vscode-languageclient/lib/common/client.js:73:35)
    at /home/tinku/.vscode-insiders/extensions/sumneko.lua-1.20.4/client/node_modules/vscode-languageclient/lib/common/client.js:2361:28
    at async Promise.all (index 0)
[2021-04-29 22:13:33.912] [exthost] [error] [sumneko.lua] provider FAILED
[2021-04-29 22:13:33.912] [exthost] [error] Error: Connection got disposed.
    at Object.dispose (/home/tinku/.vscode-insiders/extensions/sumneko.lua-1.20.4/client/node_modules/vscode-jsonrpc/lib/common/connection.js:1062:27)
    at Object.dispose (/home/tinku/.vscode-insiders/extensions/sumneko.lua-1.20.4/client/node_modules/vscode-languageclient/lib/common/client.js:73:35)
    at /home/tinku/.vscode-insiders/extensions/sumneko.lua-1.20.4/client/node_modules/vscode-languageclient/lib/common/client.js:2361:28
    at async Promise.all (index 0)
[2021-04-29 22:13:34.534] [exthost] [info] exiting with code 0
