[2021-04-28 19:57:38.869] [exthost] [info] extension host started
[2021-04-28 19:57:39.117] [exthost] [info] ExtensionService#_doActivateExtension vscode.microsoft-authentication {"startup":false,"extensionId":{"value":"vscode.microsoft-authentication","_lower":"vscode.microsoft-authentication"},"activationEvent":"onAuthenticationRequest:microsoft"}
[2021-04-28 19:57:39.117] [exthost] [info] ExtensionService#loadCommonJSModule file:///snap/code-insiders/696/usr/share/code-insiders/resources/app/extensions/microsoft-authentication/dist/extension.js
[2021-04-28 19:57:39.157] [exthost] [info] ExtensionService#_doActivateExtension vscode.extension-editing {"startup":false,"extensionId":{"value":"vscode.extension-editing","_lower":"vscode.extension-editing"},"activationEvent":"onLanguage:typescript"}
[2021-04-28 19:57:39.158] [exthost] [info] ExtensionService#loadCommonJSModule file:///snap/code-insiders/696/usr/share/code-insiders/resources/app/extensions/extension-editing/dist/extensionEditingMain
[2021-04-28 19:57:39.188] [exthost] [info] ExtensionService#_doActivateExtension vscode.typescript-language-features {"startup":false,"extensionId":{"value":"vscode.typescript-language-features","_lower":"vscode.typescript-language-features"},"activationEvent":"onLanguage:typescript"}
[2021-04-28 19:57:39.188] [exthost] [info] ExtensionService#loadCommonJSModule file:///snap/code-insiders/696/usr/share/code-insiders/resources/app/extensions/typescript-language-features/dist/extension
[2021-04-28 19:57:39.233] [exthost] [info] ExtensionService#_doActivateExtension Angular.ng-template {"startup":false,"extensionId":{"value":"Angular.ng-template","_lower":"angular.ng-template"},"activationEvent":"onLanguage:typescript"}
[2021-04-28 19:57:39.233] [exthost] [info] ExtensionService#loadCommonJSModule file:///home/tinku/.vscode-insiders/extensions/angular.ng-template-11.2.12/index
[2021-04-28 19:57:42.254] [exthost] [info] ExtensionService#_doActivateExtension vscode.debug-auto-launch {"startup":true,"extensionId":{"value":"vscode.debug-auto-launch","_lower":"vscode.debug-auto-launch"},"activationEvent":"*"}
[2021-04-28 19:57:42.254] [exthost] [info] ExtensionService#loadCommonJSModule file:///snap/code-insiders/696/usr/share/code-insiders/resources/app/extensions/debug-auto-launch/dist/extension
[2021-04-28 19:57:42.259] [exthost] [info] ExtensionService#_doActivateExtension vscode.git {"startup":true,"extensionId":{"value":"vscode.github","_lower":"vscode.github"},"activationEvent":"*"}
[2021-04-28 19:57:42.259] [exthost] [info] ExtensionService#loadCommonJSModule file:///snap/code-insiders/696/usr/share/code-insiders/resources/app/extensions/git/dist/main
[2021-04-28 19:57:42.336] [exthost] [info] ExtensionService#_doActivateExtension sainnhe.gruvbox-material {"startup":true,"extensionId":{"value":"sainnhe.gruvbox-material","_lower":"sainnhe.gruvbox-material"},"activationEvent":"*"}
[2021-04-28 19:57:42.336] [exthost] [info] ExtensionService#loadCommonJSModule file:///home/tinku/.vscode-insiders/extensions/sainnhe.gruvbox-material-6.4.0/out/extension.js
[2021-04-28 19:57:42.886] [exthost] [info] ExtensionService#_doActivateExtension vscodevim.vim {"startup":true,"extensionId":{"value":"vscodevim.vim","_lower":"vscodevim.vim"},"activationEvent":"*"}
[2021-04-28 19:57:42.886] [exthost] [info] ExtensionService#loadCommonJSModule file:///home/tinku/.vscode-insiders/extensions/vscodevim.vim-1.20.1/out/extension
[2021-04-28 19:57:43.083] [exthost] [info] ExtensionService#_doActivateExtension vscode.npm {"startup":true,"extensionId":{"value":"vscode.npm","_lower":"vscode.npm"},"activationEvent":"workspaceContains:package.json"}
[2021-04-28 19:57:43.083] [exthost] [info] ExtensionService#loadCommonJSModule file:///snap/code-insiders/696/usr/share/code-insiders/resources/app/extensions/npm/dist/npmMain
[2021-04-28 19:57:43.128] [exthost] [info] ExtensionService#_doActivateExtension yzhang.markdown-all-in-one {"startup":true,"extensionId":{"value":"yzhang.markdown-all-in-one","_lower":"yzhang.markdown-all-in-one"},"activationEvent":"workspaceContains:README.md"}
[2021-04-28 19:57:43.128] [exthost] [info] ExtensionService#loadCommonJSModule file:///home/tinku/.vscode-insiders/extensions/yzhang.markdown-all-in-one-3.4.0/dist/extension
[2021-04-28 19:57:44.702] [exthost] [info] ExtensionService#_doActivateExtension vscode.github {"startup":true,"extensionId":{"value":"vscode.github","_lower":"vscode.github"},"activationEvent":"*"}
[2021-04-28 19:57:44.703] [exthost] [info] ExtensionService#loadCommonJSModule file:///snap/code-insiders/696/usr/share/code-insiders/resources/app/extensions/github/dist/extension.js
[2021-04-28 19:57:45.223] [exthost] [info] ExtensionService#_doActivateExtension ms-vscode.js-debug {"startup":false,"extensionId":{"value":"ms-vscode.js-debug","_lower":"ms-vscode.js-debug"},"activationEvent":"onCommand:extension.js-debug.clearAutoAttachVariables"}
[2021-04-28 19:57:45.223] [exthost] [info] ExtensionService#loadCommonJSModule file:///snap/code-insiders/696/usr/share/code-insiders/resources/app/extensions/ms-vscode.js-debug/src/extension.js
[2021-04-28 19:57:45.614] [exthost] [info] ExtensionService#_doActivateExtension vscode.configuration-editing {"startup":false,"extensionId":{"value":"vscode.configuration-editing","_lower":"vscode.configuration-editing"},"activationEvent":"onLanguage:jsonc"}
[2021-04-28 19:57:45.614] [exthost] [info] ExtensionService#loadCommonJSModule file:///snap/code-insiders/696/usr/share/code-insiders/resources/app/extensions/configuration-editing/dist/configurationEditingMain
[2021-04-28 19:57:45.626] [exthost] [info] ExtensionService#_doActivateExtension vscode.json-language-features {"startup":false,"extensionId":{"value":"vscode.json-language-features","_lower":"vscode.json-language-features"},"activationEvent":"onLanguage:jsonc"}
[2021-04-28 19:57:45.626] [exthost] [info] ExtensionService#loadCommonJSModule file:///snap/code-insiders/696/usr/share/code-insiders/resources/app/extensions/json-language-features/client/dist/node/jsonClientMain
[2021-04-28 19:57:46.229] [exthost] [info] eager extensions activated
[2021-04-28 19:57:46.345] [exthost] [info] ExtensionService#_doActivateExtension vscode.github-authentication {"startup":false,"extensionId":{"value":"vscode.github-authentication","_lower":"vscode.github-authentication"},"activationEvent":"onAuthenticationRequest:github"}
[2021-04-28 19:57:46.345] [exthost] [info] ExtensionService#loadCommonJSModule file:///snap/code-insiders/696/usr/share/code-insiders/resources/app/extensions/github-authentication/dist/extension.js
[2021-04-28 19:57:46.386] [exthost] [info] ExtensionService#_doActivateExtension vscode.emmet {"startup":false,"extensionId":{"value":"vscode.emmet","_lower":"vscode.emmet"},"activationEvent":"onStartupFinished"}
[2021-04-28 19:57:46.387] [exthost] [info] ExtensionService#loadCommonJSModule file:///snap/code-insiders/696/usr/share/code-insiders/resources/app/extensions/emmet/dist/node/emmetNodeMain
[2021-04-28 19:57:46.417] [exthost] [info] ExtensionService#_doActivateExtension vscode.merge-conflict {"startup":false,"extensionId":{"value":"vscode.merge-conflict","_lower":"vscode.merge-conflict"},"activationEvent":"onStartupFinished"}
[2021-04-28 19:57:46.417] [exthost] [info] ExtensionService#loadCommonJSModule file:///snap/code-insiders/696/usr/share/code-insiders/resources/app/extensions/merge-conflict/dist/mergeConflictMain
[2021-04-28 19:57:46.423] [exthost] [info] ExtensionService#_doActivateExtension vscode.testing-editor-contributions {"startup":false,"extensionId":{"value":"vscode.testing-editor-contributions","_lower":"vscode.testing-editor-contributions"},"activationEvent":"onStartupFinished"}
[2021-04-28 19:57:46.424] [exthost] [info] ExtensionService#loadCommonJSModule file:///snap/code-insiders/696/usr/share/code-insiders/resources/app/extensions/testing-editor-contributions/dist/extension.js
[2021-04-28 19:58:54.250] [exthost] [error] actual command NOT FOUND _vscode_delegate_cmd_ko1jyrja
[2021-04-28 19:58:54.683] [exthost] [error] actual command NOT FOUND _vscode_delegate_cmd_ko1jyrja
[2021-04-28 19:58:55.069] [exthost] [error] actual command NOT FOUND _vscode_delegate_cmd_ko1jyrja
[2021-04-28 19:58:55.462] [exthost] [error] actual command NOT FOUND _vscode_delegate_cmd_ko1jyrja
[2021-04-28 19:58:55.846] [exthost] [error] actual command NOT FOUND _vscode_delegate_cmd_ko1jyrja
[2021-04-28 19:58:56.308] [exthost] [error] actual command NOT FOUND _vscode_delegate_cmd_ko1jyrja
[2021-04-28 19:58:56.829] [exthost] [error] actual command NOT FOUND _vscode_delegate_cmd_ko1jyrja
[2021-04-28 19:58:57.224] [exthost] [error] actual command NOT FOUND _vscode_delegate_cmd_ko1jyrja
[2021-04-28 19:58:57.721] [exthost] [error] actual command NOT FOUND _vscode_delegate_cmd_ko1jyrja
[2021-04-28 19:58:58.864] [exthost] [error] actual command NOT FOUND _vscode_delegate_cmd_ko1jyrja
[2021-04-28 19:58:59.442] [exthost] [error] actual command NOT FOUND _vscode_delegate_cmd_ko1jyrja
[2021-04-28 19:58:59.969] [exthost] [error] actual command NOT FOUND _vscode_delegate_cmd_ko1jyrja
[2021-04-28 19:59:00.372] [exthost] [error] actual command NOT FOUND _vscode_delegate_cmd_ko1jyrja
[2021-04-28 19:59:00.855] [exthost] [error] actual command NOT FOUND _vscode_delegate_cmd_ko1jyrja
[2021-04-28 19:59:01.296] [exthost] [error] actual command NOT FOUND _vscode_delegate_cmd_ko1jyrja
[2021-04-28 19:59:01.778] [exthost] [error] actual command NOT FOUND _vscode_delegate_cmd_ko1jyrja
[2021-04-28 19:59:02.194] [exthost] [error] actual command NOT FOUND _vscode_delegate_cmd_ko1jyrja
[2021-04-28 19:59:02.632] [exthost] [error] actual command NOT FOUND _vscode_delegate_cmd_ko1jyrja
[2021-04-28 19:59:03.037] [exthost] [error] actual command NOT FOUND _vscode_delegate_cmd_ko1jyrja
[2021-04-28 19:59:04.999] [exthost] [error] actual command NOT FOUND _vscode_delegate_cmd_ko1jyrja
[2021-04-28 19:59:05.469] [exthost] [error] actual command NOT FOUND _vscode_delegate_cmd_ko1jyrja
[2021-04-28 19:59:06.447] [exthost] [error] actual command NOT FOUND _vscode_delegate_cmd_ko1jyrja
[2021-04-28 19:59:06.863] [exthost] [error] actual command NOT FOUND _vscode_delegate_cmd_ko1jyrja
[2021-04-28 19:59:07.255] [exthost] [error] actual command NOT FOUND _vscode_delegate_cmd_ko1jyrja
[2021-04-28 19:59:07.755] [exthost] [error] actual command NOT FOUND _vscode_delegate_cmd_ko1jyrja
[2021-04-28 19:59:08.751] [exthost] [error] actual command NOT FOUND _vscode_delegate_cmd_ko1jyrja
[2021-04-28 19:59:09.068] [exthost] [error] actual command NOT FOUND _vscode_delegate_cmd_ko1jyrja
[2021-04-28 19:59:09.744] [exthost] [error] actual command NOT FOUND _vscode_delegate_cmd_ko1jyrja
[2021-04-28 19:59:09.965] [exthost] [error] actual command NOT FOUND _vscode_delegate_cmd_ko1jyrja
[2021-04-28 19:59:13.861] [exthost] [error] actual command NOT FOUND _vscode_delegate_cmd_ko1jyrja
[2021-04-28 19:59:19.117] [exthost] [error] actual command NOT FOUND _vscode_delegate_cmd_ko1jyrja
[2021-04-28 19:59:19.749] [exthost] [error] actual command NOT FOUND _vscode_delegate_cmd_ko1jyrja
[2021-04-28 19:59:20.188] [exthost] [error] actual command NOT FOUND _vscode_delegate_cmd_ko1jyrja
[2021-04-28 19:59:20.752] [exthost] [error] actual command NOT FOUND _vscode_delegate_cmd_ko1jyrja
[2021-04-28 19:59:21.232] [exthost] [error] actual command NOT FOUND _vscode_delegate_cmd_ko1jyrja
[2021-04-28 19:59:21.734] [exthost] [error] actual command NOT FOUND _vscode_delegate_cmd_ko1jyrja
[2021-04-28 19:59:22.246] [exthost] [error] actual command NOT FOUND _vscode_delegate_cmd_ko1jyrja
[2021-04-28 19:59:45.705] [exthost] [info] extension host terminating: received terminate message from renderer
[2021-04-28 19:59:46.734] [exthost] [info] exiting with code 0
