[2021-05-10 08:31:49.125] [renderer1] [error] Cannot have two contributions with the same id editor.contrib.acceptChangesButton: Error: Cannot have two contributions with the same id editor.contrib.acceptChangesButton
    at new ln (file:///snap/code-insiders/707/usr/share/code-insiders/resources/app/out/vs/workbench/workbench.desktop.main.js:652:76088)
    at g._createInstance (file:///snap/code-insiders/707/usr/share/code-insiders/resources/app/out/vs/workbench/workbench.desktop.main.js:625:1374)
    at g.createInstance (file:///snap/code-insiders/707/usr/share/code-insiders/resources/app/out/vs/workbench/workbench.desktop.main.js:625:793)
    at i.createEditorControl (file:///snap/code-insiders/707/usr/share/code-insiders/resources/app/out/vs/workbench/workbench.desktop.main.js:2243:27035)
    at i.createEditor (file:///snap/code-insiders/707/usr/share/code-insiders/resources/app/out/vs/workbench/workbench.desktop.main.js:2243:26646)
    at i.create (file:///snap/code-insiders/707/usr/share/code-insiders/resources/app/out/vs/workbench/workbench.desktop.main.js:1438:57779)
    at l.doCreateEditorPane (file:///snap/code-insiders/707/usr/share/code-insiders/resources/app/out/vs/workbench/workbench.desktop.main.js:1799:9752)
    at l.doShowEditorPane (file:///snap/code-insiders/707/usr/share/code-insiders/resources/app/out/vs/workbench/workbench.desktop.main.js:1799:9327)
    at l.openEditor (file:///snap/code-insiders/707/usr/share/code-insiders/resources/app/out/vs/workbench/workbench.desktop.main.js:1799:9081)
    at file:///snap/code-insiders/707/usr/share/code-insiders/resources/app/out/vs/workbench/workbench.desktop.main.js:2453:15947
    at mi.doShowEditor (file:///snap/code-insiders/707/usr/share/code-insiders/resources/app/out/vs/workbench/workbench.desktop.main.js:2453:16126)
    at mi.restoreEditors (file:///snap/code-insiders/707/usr/share/code-insiders/resources/app/out/vs/workbench/workbench.desktop.main.js:2453:9086)
    at new mi (file:///snap/code-insiders/707/usr/share/code-insiders/resources/app/out/vs/workbench/workbench.desktop.main.js:2453:4164)
    at g._createInstance (file:///snap/code-insiders/707/usr/share/code-insiders/resources/app/out/vs/workbench/workbench.desktop.main.js:625:1374)
    at g.createInstance (file:///snap/code-insiders/707/usr/share/code-insiders/resources/app/out/vs/workbench/workbench.desktop.main.js:625:793)
    at Function.createFromSerialized (file:///snap/code-insiders/707/usr/share/code-insiders/resources/app/out/vs/workbench/workbench.desktop.main.js:2453:4465)
    at ai.doCreateGroupView (file:///snap/code-insiders/707/usr/share/code-insiders/resources/app/out/vs/workbench/workbench.desktop.main.js:2472:7761)
    at Object.fromJSON (file:///snap/code-insiders/707/usr/share/code-insiders/resources/app/out/vs/workbench/workbench.desktop.main.js:2472:14771)
    at c._deserializeNode (file:///snap/code-insiders/707/usr/share/code-insiders/resources/app/out/vs/workbench/workbench.desktop.main.js:142:59361)
    at file:///snap/code-insiders/707/usr/share/code-insiders/resources/app/out/vs/workbench/workbench.desktop.main.js:142:59204
    at Array.map (<anonymous>)
    at c._deserializeNode (file:///snap/code-insiders/707/usr/share/code-insiders/resources/app/out/vs/workbench/workbench.desktop.main.js:142:59185)
    at c._deserialize (file:///snap/code-insiders/707/usr/share/code-insiders/resources/app/out/vs/workbench/workbench.desktop.main.js:142:59090)
    at Function.deserialize (file:///snap/code-insiders/707/usr/share/code-insiders/resources/app/out/vs/workbench/workbench.desktop.main.js:142:59024)
    at Function.deserialize (file:///snap/code-insiders/707/usr/share/code-insiders/resources/app/out/vs/workbench/workbench.desktop.main.js:142:67922)
    at ai.doCreateGridControlWithState (file:///snap/code-insiders/707/usr/share/code-insiders/resources/app/out/vs/workbench/workbench.desktop.main.js:2472:14700)
    at ai.doCreateGridControlWithPreviousState (file:///snap/code-insiders/707/usr/share/code-insiders/resources/app/out/vs/workbench/workbench.desktop.main.js:2472:14283)
    at ai.doCreateGridControl (file:///snap/code-insiders/707/usr/share/code-insiders/resources/app/out/vs/workbench/workbench.desktop.main.js:2472:13860)
    at ai.createContentArea (file:///snap/code-insiders/707/usr/share/code-insiders/resources/app/out/vs/workbench/workbench.desktop.main.js:2472:11939)
    at ai.create (file:///snap/code-insiders/707/usr/share/code-insiders/resources/app/out/vs/workbench/workbench.desktop.main.js:735:140270)
    at file:///snap/code-insiders/707/usr/share/code-insiders/resources/app/out/vs/workbench/workbench.desktop.main.js:2510:63731
    at Array.forEach (<anonymous>)
    at M.renderWorkbench (file:///snap/code-insiders/707/usr/share/code-insiders/resources/app/out/vs/workbench/workbench.desktop.main.js:2510:63638)
    at file:///snap/code-insiders/707/usr/share/code-insiders/resources/app/out/vs/workbench/workbench.desktop.main.js:2510:60823
    at g.invokeFunction (file:///snap/code-insiders/707/usr/share/code-insiders/resources/app/out/vs/workbench/workbench.desktop.main.js:625:319)
    at M.startup (file:///snap/code-insiders/707/usr/share/code-insiders/resources/app/out/vs/workbench/workbench.desktop.main.js:2510:60454)
    at E.open (file:///snap/code-insiders/707/usr/share/code-insiders/resources/app/out/vs/workbench/workbench.desktop.main.js:2640:30050)
    at async file:///snap/code-insiders/707/usr/share/code-insiders/resources/app/out/bootstrap-window.js:1:2841
[2021-05-10 08:40:49.176] [renderer1] [error] Cannot read property 'document' of undefined: TypeError: Cannot read property 'document' of undefined
    at f (/home/tinku/.vscode-insiders/extensions/yzhang.markdown-all-in-one-3.4.0/dist/extension.js:1:296467)
    at p (/home/tinku/.vscode-insiders/extensions/yzhang.markdown-all-in-one-3.4.0/dist/extension.js:1:293567)
    at g (/home/tinku/.vscode-insiders/extensions/yzhang.markdown-all-in-one-3.4.0/dist/extension.js:1:295259)
    at v.provideCodeLenses (/home/tinku/.vscode-insiders/extensions/yzhang.markdown-all-in-one-3.4.0/dist/extension.js:1:298023)
    at a.provideCodeLenses (/snap/code-insiders/707/usr/share/code-insiders/resources/app/out/vs/workbench/services/extensions/node/extensionHostProcess.js:87:159293)
    at /snap/code-insiders/707/usr/share/code-insiders/resources/app/out/vs/workbench/services/extensions/node/extensionHostProcess.js:87:182334
    at Se._withAdapter (/snap/code-insiders/707/usr/share/code-insiders/resources/app/out/vs/workbench/services/extensions/node/extensionHostProcess.js:87:180928)
    at Se.$provideCodeLenses (/snap/code-insiders/707/usr/share/code-insiders/resources/app/out/vs/workbench/services/extensions/node/extensionHostProcess.js:87:182310)
    at a._doInvokeHandler (/snap/code-insiders/707/usr/share/code-insiders/resources/app/out/vs/workbench/services/extensions/node/extensionHostProcess.js:91:12836)
    at a._invokeHandler (/snap/code-insiders/707/usr/share/code-insiders/resources/app/out/vs/workbench/services/extensions/node/extensionHostProcess.js:91:12520)
    at a._receiveRequest (/snap/code-insiders/707/usr/share/code-insiders/resources/app/out/vs/workbench/services/extensions/node/extensionHostProcess.js:91:11136)
    at a._receiveOneMessage (/snap/code-insiders/707/usr/share/code-insiders/resources/app/out/vs/workbench/services/extensions/node/extensionHostProcess.js:91:9973)
    at /snap/code-insiders/707/usr/share/code-insiders/resources/app/out/vs/workbench/services/extensions/node/extensionHostProcess.js:91:8074
    at fire (/snap/code-insiders/707/usr/share/code-insiders/resources/app/out/vs/workbench/services/extensions/node/extensionHostProcess.js:57:1836)
    at S.fire (/snap/code-insiders/707/usr/share/code-insiders/resources/app/out/vs/workbench/services/extensions/node/extensionHostProcess.js:65:15662)
    at /snap/code-insiders/707/usr/share/code-insiders/resources/app/out/vs/workbench/services/extensions/node/extensionHostProcess.js:106:29890
    at fire (/snap/code-insiders/707/usr/share/code-insiders/resources/app/out/vs/workbench/services/extensions/node/extensionHostProcess.js:57:1836)
    at S.fire (/snap/code-insiders/707/usr/share/code-insiders/resources/app/out/vs/workbench/services/extensions/node/extensionHostProcess.js:65:15662)
    at t._receiveMessage (/snap/code-insiders/707/usr/share/code-insiders/resources/app/out/vs/workbench/services/extensions/node/extensionHostProcess.js:65:20920)
    at /snap/code-insiders/707/usr/share/code-insiders/resources/app/out/vs/workbench/services/extensions/node/extensionHostProcess.js:65:17806
    at fire (/snap/code-insiders/707/usr/share/code-insiders/resources/app/out/vs/workbench/services/extensions/node/extensionHostProcess.js:57:1836)
    at l.acceptChunk (/snap/code-insiders/707/usr/share/code-insiders/resources/app/out/vs/workbench/services/extensions/node/extensionHostProcess.js:65:13027)
    at /snap/code-insiders/707/usr/share/code-insiders/resources/app/out/vs/workbench/services/extensions/node/extensionHostProcess.js:65:12375
    at Socket._ (/snap/code-insiders/707/usr/share/code-insiders/resources/app/out/vs/workbench/services/extensions/node/extensionHostProcess.js:106:13321)
    at Socket.emit (events.js:315:20)
    at addChunk (internal/streams/readable.js:309:12)
    at readableAddChunk (internal/streams/readable.js:284:9)
    at Socket.Readable.push (internal/streams/readable.js:223:10)
    at Pipe.onStreamRead (internal/stream_base_commons.js:188:23)
