[2021-04-09 12:06:27.410] [exthost] [info] extension host started
[2021-04-09 12:06:27.514] [exthost] [info] ExtensionService#_doActivateExtension vscode.microsoft-authentication {"startup":false,"extensionId":{"value":"vscode.microsoft-authentication","_lower":"vscode.microsoft-authentication"},"activationEvent":"onAuthenticationRequest:microsoft"}
[2021-04-09 12:06:27.515] [exthost] [info] ExtensionService#loadCommonJSModule file:///snap/code-insiders/678/usr/share/code-insiders/resources/app/extensions/microsoft-authentication/dist/extension.js
[2021-04-09 12:06:27.547] [exthost] [info] ExtensionService#_doActivateExtension vscode.debug-auto-launch {"startup":true,"extensionId":{"value":"vscode.debug-auto-launch","_lower":"vscode.debug-auto-launch"},"activationEvent":"*"}
[2021-04-09 12:06:27.547] [exthost] [info] ExtensionService#loadCommonJSModule file:///snap/code-insiders/678/usr/share/code-insiders/resources/app/extensions/debug-auto-launch/dist/extension
[2021-04-09 12:06:27.560] [exthost] [info] ExtensionService#_doActivateExtension vscode.git {"startup":true,"extensionId":{"value":"vscode.github","_lower":"vscode.github"},"activationEvent":"*"}
[2021-04-09 12:06:27.561] [exthost] [info] ExtensionService#loadCommonJSModule file:///snap/code-insiders/678/usr/share/code-insiders/resources/app/extensions/git/dist/main
[2021-04-09 12:06:27.723] [exthost] [info] ExtensionService#_doActivateExtension vscode.github {"startup":true,"extensionId":{"value":"vscode.github","_lower":"vscode.github"},"activationEvent":"*"}
[2021-04-09 12:06:27.723] [exthost] [info] ExtensionService#loadCommonJSModule file:///snap/code-insiders/678/usr/share/code-insiders/resources/app/extensions/github/dist/extension.js
[2021-04-09 12:06:27.817] [exthost] [info] ExtensionService#_doActivateExtension ms-vscode.js-debug {"startup":false,"extensionId":{"value":"ms-vscode.js-debug","_lower":"ms-vscode.js-debug"},"activationEvent":"onCommand:extension.js-debug.clearAutoAttachVariables"}
[2021-04-09 12:06:27.817] [exthost] [info] ExtensionService#loadCommonJSModule file:///snap/code-insiders/678/usr/share/code-insiders/resources/app/extensions/ms-vscode.js-debug/src/extension.js
[2021-04-09 12:06:28.368] [exthost] [info] eager extensions activated
[2021-04-09 12:06:28.445] [exthost] [info] ExtensionService#_doActivateExtension vscode.emmet {"startup":false,"extensionId":{"value":"vscode.emmet","_lower":"vscode.emmet"},"activationEvent":"onStartupFinished"}
[2021-04-09 12:06:28.446] [exthost] [info] ExtensionService#loadCommonJSModule file:///snap/code-insiders/678/usr/share/code-insiders/resources/app/extensions/emmet/dist/node/emmetNodeMain
[2021-04-09 12:06:28.471] [exthost] [info] ExtensionService#_doActivateExtension vscode.merge-conflict {"startup":false,"extensionId":{"value":"vscode.merge-conflict","_lower":"vscode.merge-conflict"},"activationEvent":"onStartupFinished"}
[2021-04-09 12:06:28.471] [exthost] [info] ExtensionService#loadCommonJSModule file:///snap/code-insiders/678/usr/share/code-insiders/resources/app/extensions/merge-conflict/dist/mergeConflictMain
[2021-04-09 12:06:28.476] [exthost] [info] ExtensionService#_doActivateExtension vscode.testing-editor-contributions {"startup":false,"extensionId":{"value":"vscode.testing-editor-contributions","_lower":"vscode.testing-editor-contributions"},"activationEvent":"onStartupFinished"}
[2021-04-09 12:06:28.476] [exthost] [info] ExtensionService#loadCommonJSModule file:///snap/code-insiders/678/usr/share/code-insiders/resources/app/extensions/testing-editor-contributions/dist/extension.js
[2021-04-09 12:06:28.518] [exthost] [info] ExtensionService#_doActivateExtension vscode.github-authentication {"startup":false,"extensionId":{"value":"vscode.github-authentication","_lower":"vscode.github-authentication"},"activationEvent":"onAuthenticationRequest:github"}
[2021-04-09 12:06:28.519] [exthost] [info] ExtensionService#loadCommonJSModule file:///snap/code-insiders/678/usr/share/code-insiders/resources/app/extensions/github-authentication/dist/extension.js
[2021-04-09 12:06:52.287] [exthost] [info] ExtensionService#_doActivateExtension vscode.configuration-editing {"startup":false,"extensionId":{"value":"vscode.configuration-editing","_lower":"vscode.configuration-editing"},"activationEvent":"onLanguage:jsonc"}
[2021-04-09 12:06:52.287] [exthost] [info] ExtensionService#loadCommonJSModule file:///snap/code-insiders/678/usr/share/code-insiders/resources/app/extensions/configuration-editing/dist/configurationEditingMain
[2021-04-09 12:06:52.322] [exthost] [info] ExtensionService#_doActivateExtension vscode.json-language-features {"startup":false,"extensionId":{"value":"vscode.json-language-features","_lower":"vscode.json-language-features"},"activationEvent":"onLanguage:jsonc"}
[2021-04-09 12:06:52.323] [exthost] [info] ExtensionService#loadCommonJSModule file:///snap/code-insiders/678/usr/share/code-insiders/resources/app/extensions/json-language-features/client/dist/node/jsonClientMain
[2021-04-09 12:06:52.467] [exthost] [info] ExtensionService#_doActivateExtension vscode.typescript-language-features {"startup":false,"extensionId":{"value":"vscode.typescript-language-features","_lower":"vscode.typescript-language-features"},"activationEvent":"onLanguage:jsonc"}
[2021-04-09 12:06:52.467] [exthost] [info] ExtensionService#loadCommonJSModule file:///snap/code-insiders/678/usr/share/code-insiders/resources/app/extensions/typescript-language-features/dist/extension
[2021-04-09 12:16:46.602] [exthost] [info] extension host terminating: received terminate message from renderer
[2021-04-09 12:16:47.616] [exthost] [info] exiting with code 0
[2021-04-09 12:16:49.036] [exthost] [info] extension host started
[2021-04-09 12:16:49.149] [exthost] [info] ExtensionService#_doActivateExtension vscode.microsoft-authentication {"startup":false,"extensionId":{"value":"vscode.microsoft-authentication","_lower":"vscode.microsoft-authentication"},"activationEvent":"onAuthenticationRequest:microsoft"}
[2021-04-09 12:16:49.149] [exthost] [info] ExtensionService#loadCommonJSModule file:///snap/code-insiders/678/usr/share/code-insiders/resources/app/extensions/microsoft-authentication/dist/extension.js
[2021-04-09 12:16:49.163] [exthost] [info] ExtensionService#_doActivateExtension vscode.debug-auto-launch {"startup":true,"extensionId":{"value":"vscode.debug-auto-launch","_lower":"vscode.debug-auto-launch"},"activationEvent":"*"}
[2021-04-09 12:16:49.163] [exthost] [info] ExtensionService#loadCommonJSModule file:///snap/code-insiders/678/usr/share/code-insiders/resources/app/extensions/debug-auto-launch/dist/extension
[2021-04-09 12:16:49.169] [exthost] [info] ExtensionService#_doActivateExtension vscode.git {"startup":true,"extensionId":{"value":"vscode.github","_lower":"vscode.github"},"activationEvent":"*"}
[2021-04-09 12:16:49.169] [exthost] [info] ExtensionService#loadCommonJSModule file:///snap/code-insiders/678/usr/share/code-insiders/resources/app/extensions/git/dist/main
[2021-04-09 12:16:49.291] [exthost] [info] ExtensionService#_doActivateExtension vscode.github {"startup":true,"extensionId":{"value":"vscode.github","_lower":"vscode.github"},"activationEvent":"*"}
[2021-04-09 12:16:49.291] [exthost] [info] ExtensionService#loadCommonJSModule file:///snap/code-insiders/678/usr/share/code-insiders/resources/app/extensions/github/dist/extension.js
[2021-04-09 12:16:49.296] [exthost] [info] ExtensionService#_doActivateExtension ms-vscode.js-debug {"startup":false,"extensionId":{"value":"ms-vscode.js-debug","_lower":"ms-vscode.js-debug"},"activationEvent":"onCommand:extension.js-debug.clearAutoAttachVariables"}
[2021-04-09 12:16:49.297] [exthost] [info] ExtensionService#loadCommonJSModule file:///snap/code-insiders/678/usr/share/code-insiders/resources/app/extensions/ms-vscode.js-debug/src/extension.js
[2021-04-09 12:16:49.582] [exthost] [info] eager extensions activated
[2021-04-09 12:16:49.714] [exthost] [info] ExtensionService#_doActivateExtension vscode.github-authentication {"startup":false,"extensionId":{"value":"vscode.github-authentication","_lower":"vscode.github-authentication"},"activationEvent":"onAuthenticationRequest:github"}
[2021-04-09 12:16:49.714] [exthost] [info] ExtensionService#loadCommonJSModule file:///snap/code-insiders/678/usr/share/code-insiders/resources/app/extensions/github-authentication/dist/extension.js
[2021-04-09 12:16:49.725] [exthost] [info] ExtensionService#_doActivateExtension vscode.emmet {"startup":false,"extensionId":{"value":"vscode.emmet","_lower":"vscode.emmet"},"activationEvent":"onStartupFinished"}
[2021-04-09 12:16:49.725] [exthost] [info] ExtensionService#loadCommonJSModule file:///snap/code-insiders/678/usr/share/code-insiders/resources/app/extensions/emmet/dist/node/emmetNodeMain
[2021-04-09 12:16:49.733] [exthost] [info] ExtensionService#_doActivateExtension vscode.merge-conflict {"startup":false,"extensionId":{"value":"vscode.merge-conflict","_lower":"vscode.merge-conflict"},"activationEvent":"onStartupFinished"}
[2021-04-09 12:16:49.733] [exthost] [info] ExtensionService#loadCommonJSModule file:///snap/code-insiders/678/usr/share/code-insiders/resources/app/extensions/merge-conflict/dist/mergeConflictMain
[2021-04-09 12:16:49.736] [exthost] [info] ExtensionService#_doActivateExtension vscode.testing-editor-contributions {"startup":false,"extensionId":{"value":"vscode.testing-editor-contributions","_lower":"vscode.testing-editor-contributions"},"activationEvent":"onStartupFinished"}
[2021-04-09 12:16:49.736] [exthost] [info] ExtensionService#loadCommonJSModule file:///snap/code-insiders/678/usr/share/code-insiders/resources/app/extensions/testing-editor-contributions/dist/extension.js
[2021-04-09 12:16:51.264] [exthost] [info] ExtensionService#_doActivateExtension vscode.extension-editing {"startup":false,"extensionId":{"value":"vscode.extension-editing","_lower":"vscode.extension-editing"},"activationEvent":"onLanguage:markdown"}
[2021-04-09 12:16:51.265] [exthost] [info] ExtensionService#loadCommonJSModule file:///snap/code-insiders/678/usr/share/code-insiders/resources/app/extensions/extension-editing/dist/extensionEditingMain
[2021-04-09 12:16:51.307] [exthost] [info] ExtensionService#_doActivateExtension vscode.markdown-language-features {"startup":false,"extensionId":{"value":"vscode.markdown-language-features","_lower":"vscode.markdown-language-features"},"activationEvent":"onLanguage:markdown"}
[2021-04-09 12:16:51.308] [exthost] [info] ExtensionService#loadCommonJSModule file:///snap/code-insiders/678/usr/share/code-insiders/resources/app/extensions/markdown-language-features/dist/extension
[2021-04-09 12:17:11.297] [exthost] [info] ExtensionService#_doActivateExtension vscode.typescript-language-features {"startup":false,"extensionId":{"value":"vscode.typescript-language-features","_lower":"vscode.typescript-language-features"},"activationEvent":"onLanguage:javascript"}
[2021-04-09 12:17:11.297] [exthost] [info] ExtensionService#loadCommonJSModule file:///snap/code-insiders/678/usr/share/code-insiders/resources/app/extensions/typescript-language-features/dist/extension
[2021-04-09 12:17:32.368] [exthost] [info] ExtensionService#_doActivateExtension yzhang.markdown-all-in-one {"startup":false,"extensionId":{"value":"vscode.markdown-language-features","_lower":"vscode.markdown-language-features"},"activationEvent":"api"}
[2021-04-09 12:17:32.368] [exthost] [info] ExtensionService#loadCommonJSModule file:///home/tinku/.vscode-insiders/extensions/yzhang.markdown-all-in-one-3.4.0/dist/extension
[2021-04-09 12:18:00.862] [exthost] [info] ExtensionService#_doActivateExtension vscode.configuration-editing {"startup":false,"extensionId":{"value":"vscode.configuration-editing","_lower":"vscode.configuration-editing"},"activationEvent":"onLanguage:json"}
[2021-04-09 12:18:00.862] [exthost] [info] ExtensionService#loadCommonJSModule file:///snap/code-insiders/678/usr/share/code-insiders/resources/app/extensions/configuration-editing/dist/configurationEditingMain
[2021-04-09 12:18:00.870] [exthost] [info] ExtensionService#_doActivateExtension vscode.json-language-features {"startup":false,"extensionId":{"value":"vscode.json-language-features","_lower":"vscode.json-language-features"},"activationEvent":"onLanguage:json"}
[2021-04-09 12:18:00.870] [exthost] [info] ExtensionService#loadCommonJSModule file:///snap/code-insiders/678/usr/share/code-insiders/resources/app/extensions/json-language-features/client/dist/node/jsonClientMain
[2021-04-09 12:18:00.917] [exthost] [info] ExtensionService#_doActivateExtension vscode.npm {"startup":false,"extensionId":{"value":"vscode.npm","_lower":"vscode.npm"},"activationEvent":"onLanguage:json"}
[2021-04-09 12:18:00.917] [exthost] [info] ExtensionService#loadCommonJSModule file:///snap/code-insiders/678/usr/share/code-insiders/resources/app/extensions/npm/dist/npmMain
[2021-04-09 12:18:03.701] [exthost] [info] ExtensionService#_doActivateExtension vscodevim.vim {"startup":false,"extensionId":{"value":"vscodevim.vim","_lower":"vscodevim.vim"},"activationEvent":"*"}
[2021-04-09 12:18:03.702] [exthost] [info] ExtensionService#loadCommonJSModule file:///home/tinku/.vscode-insiders/extensions/vscodevim.vim-1.19.3/out/extension
[2021-04-09 12:18:17.021] [exthost] [info] ExtensionService#_doActivateExtension sainnhe.gruvbox-material {"startup":false,"extensionId":{"value":"sainnhe.gruvbox-material","_lower":"sainnhe.gruvbox-material"},"activationEvent":"*"}
[2021-04-09 12:18:17.022] [exthost] [info] ExtensionService#loadCommonJSModule file:///home/tinku/.vscode-insiders/extensions/sainnhe.gruvbox-material-6.3.9/out/extension.js
[2021-04-09 15:03:28.428] [exthost] [info] extension host terminating: received terminate message from renderer
[2021-04-09 15:03:29.493] [exthost] [info] exiting with code 0
