[2021-04-26 21:50:06.778] [renderer1] [error] Running the contributed command: '_vscode_delegate_cmd_knyrt9hh' failed.: Error: Running the contributed command: '_vscode_delegate_cmd_knyrt9hh' failed.
    at E._executeContributedCommand (/snap/code-insiders/692/usr/share/code-insiders/resources/app/out/vs/workbench/services/extensions/node/extensionHostProcess.js:87:107671)
    at processTicksAndRejections (internal/process/task_queues.js:93:5)
[2021-04-26 21:51:51.111] [renderer1] [error] TreeError [TerminalTabsTree] Tree element not found: [object Object]: Error: TreeError [TerminalTabsTree] Tree element not found: [object Object]
    at k.getNode (file:///snap/code-insiders/692/usr/share/code-insiders/resources/app/out/vs/workbench/workbench.desktop.main.js:61:57895)
    at file:///snap/code-insiders/692/usr/share/code-insiders/resources/app/out/vs/workbench/workbench.desktop.main.js:171:1186
    at Array.map (<anonymous>)
    at y.setSelection (file:///snap/code-insiders/692/usr/share/code-insiders/resources/app/out/vs/workbench/workbench.desktop.main.js:171:1168)
    at file:///snap/code-insiders/692/usr/share/code-insiders/resources/app/out/vs/workbench/workbench.desktop.main.js:2117:28381
    at a.fire (file:///snap/code-insiders/692/usr/share/code-insiders/resources/app/out/vs/workbench/workbench.desktop.main.js:60:1836)
    at a.fire (file:///snap/code-insiders/692/usr/share/code-insiders/resources/app/out/vs/workbench/workbench.desktop.main.js:60:1856)
    at HTMLTextAreaElement.<anonymous> (file:///snap/code-insiders/692/usr/share/code-insiders/resources/app/out/vs/workbench/workbench.desktop.main.js:2625:107695)
    at t.focus (/snap/code-insiders/692/usr/share/code-insiders/resources/app/node_modules.asar/xterm/lib/xterm.js:1:42969)
    at e.focus (/snap/code-insiders/692/usr/share/code-insiders/resources/app/node_modules.asar/xterm/lib/xterm.js:1:79503)
    at Qt.focus (file:///snap/code-insiders/692/usr/share/code-insiders/resources/app/out/vs/workbench/workbench.desktop.main.js:2625:113588)
    at Qt.focusWhenReady (file:///snap/code-insiders/692/usr/share/code-insiders/resources/app/out/vs/workbench/workbench.desktop.main.js:2625:113656)
[2021-04-26 21:56:42.613] [renderer1] [error] Running the contributed command: '_vscode_delegate_cmd_knyrt9hh' failed.: Error: Running the contributed command: '_vscode_delegate_cmd_knyrt9hh' failed.
    at E._executeContributedCommand (/snap/code-insiders/692/usr/share/code-insiders/resources/app/out/vs/workbench/services/extensions/node/extensionHostProcess.js:87:107671)
    at runMicrotasks (<anonymous>)
    at processTicksAndRejections (internal/process/task_queues.js:93:5)
[2021-04-26 21:57:12.858] [renderer1] [error] Running the contributed command: '_vscode_delegate_cmd_knytcj58' failed.: Error: Running the contributed command: '_vscode_delegate_cmd_knytcj58' failed.
    at E._executeContributedCommand (/snap/code-insiders/692/usr/share/code-insiders/resources/app/out/vs/workbench/services/extensions/node/extensionHostProcess.js:87:107671)
    at processTicksAndRejections (internal/process/task_queues.js:93:5)
[2021-04-26 21:57:14.243] [renderer1] [error] Running the contributed command: '_vscode_delegate_cmd_knytcj58' failed.: Error: Running the contributed command: '_vscode_delegate_cmd_knytcj58' failed.
    at E._executeContributedCommand (/snap/code-insiders/692/usr/share/code-insiders/resources/app/out/vs/workbench/services/extensions/node/extensionHostProcess.js:87:107671)
    at processTicksAndRejections (internal/process/task_queues.js:93:5)
[2021-04-26 21:57:15.208] [renderer1] [error] Running the contributed command: '_vscode_delegate_cmd_knytcj58' failed.: Error: Running the contributed command: '_vscode_delegate_cmd_knytcj58' failed.
    at E._executeContributedCommand (/snap/code-insiders/692/usr/share/code-insiders/resources/app/out/vs/workbench/services/extensions/node/extensionHostProcess.js:87:107671)
    at processTicksAndRejections (internal/process/task_queues.js:93:5)
[2021-04-26 21:57:16.307] [renderer1] [error] Running the contributed command: '_vscode_delegate_cmd_knytcj58' failed.: Error: Running the contributed command: '_vscode_delegate_cmd_knytcj58' failed.
    at E._executeContributedCommand (/snap/code-insiders/692/usr/share/code-insiders/resources/app/out/vs/workbench/services/extensions/node/extensionHostProcess.js:87:107671)
    at processTicksAndRejections (internal/process/task_queues.js:93:5)
[2021-04-26 21:57:20.279] [renderer1] [error] Running the contributed command: '_vscode_delegate_cmd_knytcj58' failed.: Error: Running the contributed command: '_vscode_delegate_cmd_knytcj58' failed.
    at E._executeContributedCommand (/snap/code-insiders/692/usr/share/code-insiders/resources/app/out/vs/workbench/services/extensions/node/extensionHostProcess.js:87:107671)
    at processTicksAndRejections (internal/process/task_queues.js:93:5)
[2021-04-26 21:57:28.178] [renderer1] [error] Running the contributed command: '_vscode_delegate_cmd_knytcj58' failed.: Error: Running the contributed command: '_vscode_delegate_cmd_knytcj58' failed.
    at E._executeContributedCommand (/snap/code-insiders/692/usr/share/code-insiders/resources/app/out/vs/workbench/services/extensions/node/extensionHostProcess.js:87:107671)
    at processTicksAndRejections (internal/process/task_queues.js:93:5)
