[2021-04-26 21:13:50.055] [sharedprocess] [info] Deleted from disk sumneko.lua /home/tinku/.vscode-insiders/extensions/sumneko.lua-1.20.3
[2021-04-26 21:13:52.443] [sharedprocess] [info] Installing extension: sainnhe.gruvbox-material
[2021-04-26 21:13:52.458] [sharedprocess] [info] Installing extension: vscodevim.vim
[2021-04-26 21:13:53.792] [sharedprocess] [info] Downloaded extension: sainnhe.gruvbox-material /home/tinku/.config/Code - Insiders/CachedExtensionVSIXs/sainnhe.gruvbox-material-6.4.0
[2021-04-26 21:13:53.959] [sharedprocess] [info] Extracted extension to /home/tinku/.vscode-insiders/extensions/.0f3dcb42-7d4f-4c59-b782-85678a682f52: sainnhe.gruvbox-material
[2021-04-26 21:13:54.017] [sharedprocess] [info] Renamed to /home/tinku/.vscode-insiders/extensions/sainnhe.gruvbox-material-6.4.0
[2021-04-26 21:13:54.020] [sharedprocess] [info] Installation completed. sainnhe.gruvbox-material
[2021-04-26 21:13:54.092] [sharedprocess] [info] Extensions installed successfully: sainnhe.gruvbox-material
[2021-04-26 21:13:54.245] [sharedprocess] [info] Downloaded extension: vscodevim.vim /home/tinku/.config/Code - Insiders/CachedExtensionVSIXs/vscodevim.vim-1.20.1
[2021-04-26 21:13:54.472] [sharedprocess] [info] Extracted extension to /home/tinku/.vscode-insiders/extensions/.c914ef0e-4392-4762-9eeb-86bafc39d55a: vscodevim.vim
[2021-04-26 21:13:54.509] [sharedprocess] [info] Renamed to /home/tinku/.vscode-insiders/extensions/vscodevim.vim-1.20.1
[2021-04-26 21:13:54.512] [sharedprocess] [info] Installation completed. vscodevim.vim
[2021-04-26 21:13:54.591] [sharedprocess] [info] Extensions installed successfully: vscodevim.vim
[2021-04-26 21:14:27.607] [sharedprocess] [info] Starting to clean up unused language packs.
[2021-04-26 21:49:23.990] [sharedprocess] [info] Installing extension: angular.ng-template
[2021-04-26 21:49:33.752] [sharedprocess] [info] Downloaded extension: angular.ng-template /home/tinku/.config/Code - Insiders/CachedExtensionVSIXs/angular.ng-template-11.2.12
[2021-04-26 21:49:35.873] [sharedprocess] [info] Extracted extension to /home/tinku/.vscode-insiders/extensions/.70f5d459-6904-4123-90fc-3a33e9015221: angular.ng-template
[2021-04-26 21:49:35.934] [sharedprocess] [info] Renamed to /home/tinku/.vscode-insiders/extensions/angular.ng-template-11.2.12
[2021-04-26 21:49:35.937] [sharedprocess] [info] Installation completed. angular.ng-template
[2021-04-26 21:49:35.971] [sharedprocess] [info] Extensions installed successfully: angular.ng-template
[2021-04-26 21:56:25.994] [sharedprocess] [info] Uninstalling extension: angular.ng-template
[2021-04-26 21:56:26.260] [sharedprocess] [info] Successfully uninstalled extension: angular.ng-template
[2021-04-26 21:56:26.261] [sharedprocess] [info] Detected extension removed from another source angular.ng-template
