[2021-05-10 11:33:14.989] [exthost] [info] extension host started
[2021-05-10 11:33:15.536] [exthost] [info] ExtensionService#_doActivateExtension vscode.microsoft-authentication {"startup":false,"extensionId":{"value":"vscode.microsoft-authentication","_lower":"vscode.microsoft-authentication"},"activationEvent":"onAuthenticationRequest:microsoft"}
[2021-05-10 11:33:15.536] [exthost] [info] ExtensionService#loadCommonJSModule file:///snap/code-insiders/707/usr/share/code-insiders/resources/app/extensions/microsoft-authentication/dist/extension.js
[2021-05-10 11:33:15.736] [exthost] [info] ExtensionService#_doActivateExtension vscode.extension-editing {"startup":false,"extensionId":{"value":"vscode.extension-editing","_lower":"vscode.extension-editing"},"activationEvent":"onLanguage:markdown"}
[2021-05-10 11:33:15.741] [exthost] [info] ExtensionService#loadCommonJSModule file:///snap/code-insiders/707/usr/share/code-insiders/resources/app/extensions/extension-editing/dist/extensionEditingMain
[2021-05-10 11:33:15.920] [exthost] [info] ExtensionService#_doActivateExtension vscode.markdown-language-features {"startup":false,"extensionId":{"value":"vscode.markdown-language-features","_lower":"vscode.markdown-language-features"},"activationEvent":"onLanguage:markdown"}
[2021-05-10 11:33:15.920] [exthost] [info] ExtensionService#loadCommonJSModule file:///snap/code-insiders/707/usr/share/code-insiders/resources/app/extensions/markdown-language-features/dist/extension
[2021-05-10 11:33:16.343] [exthost] [info] ExtensionService#_doActivateExtension yzhang.markdown-all-in-one {"startup":false,"extensionId":{"value":"yzhang.markdown-all-in-one","_lower":"yzhang.markdown-all-in-one"},"activationEvent":"onLanguage:markdown"}
[2021-05-10 11:33:16.344] [exthost] [info] ExtensionService#loadCommonJSModule file:///home/tinku/.vscode-insiders/extensions/yzhang.markdown-all-in-one-3.4.0/dist/extension
[2021-05-10 11:33:16.490] [exthost] [info] ExtensionService#_doActivateExtension vscode.debug-auto-launch {"startup":true,"extensionId":{"value":"vscode.debug-auto-launch","_lower":"vscode.debug-auto-launch"},"activationEvent":"*"}
[2021-05-10 11:33:16.490] [exthost] [info] ExtensionService#loadCommonJSModule file:///snap/code-insiders/707/usr/share/code-insiders/resources/app/extensions/debug-auto-launch/dist/extension
[2021-05-10 11:33:16.522] [exthost] [info] ExtensionService#_doActivateExtension vscode.git {"startup":true,"extensionId":{"value":"vscode.github","_lower":"vscode.github"},"activationEvent":"*"}
[2021-05-10 11:33:16.522] [exthost] [info] ExtensionService#loadCommonJSModule file:///snap/code-insiders/707/usr/share/code-insiders/resources/app/extensions/git/dist/main
[2021-05-10 11:33:16.626] [exthost] [info] ExtensionService#_doActivateExtension sainnhe.gruvbox-material {"startup":true,"extensionId":{"value":"sainnhe.gruvbox-material","_lower":"sainnhe.gruvbox-material"},"activationEvent":"*"}
[2021-05-10 11:33:16.626] [exthost] [info] ExtensionService#loadCommonJSModule file:///home/tinku/.vscode-insiders/extensions/sainnhe.gruvbox-material-6.4.3/out/extension.js
[2021-05-10 11:33:17.116] [exthost] [info] ExtensionService#_doActivateExtension vscodevim.vim {"startup":true,"extensionId":{"value":"vscodevim.vim","_lower":"vscodevim.vim"},"activationEvent":"*"}
[2021-05-10 11:33:17.117] [exthost] [info] ExtensionService#loadCommonJSModule file:///home/tinku/.vscode-insiders/extensions/vscodevim.vim-1.20.2/out/extension
[2021-05-10 11:33:18.609] [exthost] [info] ExtensionService#_doActivateExtension vscode.github {"startup":true,"extensionId":{"value":"vscode.github","_lower":"vscode.github"},"activationEvent":"*"}
[2021-05-10 11:33:18.609] [exthost] [info] ExtensionService#loadCommonJSModule file:///snap/code-insiders/707/usr/share/code-insiders/resources/app/extensions/github/dist/extension.js
[2021-05-10 11:33:18.690] [exthost] [info] eager extensions activated
[2021-05-10 11:33:18.692] [exthost] [info] ExtensionService#_doActivateExtension ms-vscode.js-debug {"startup":false,"extensionId":{"value":"ms-vscode.js-debug","_lower":"ms-vscode.js-debug"},"activationEvent":"onCommand:extension.js-debug.clearAutoAttachVariables"}
[2021-05-10 11:33:18.692] [exthost] [info] ExtensionService#loadCommonJSModule file:///snap/code-insiders/707/usr/share/code-insiders/resources/app/extensions/ms-vscode.js-debug/src/extension.js
[2021-05-10 11:33:19.213] [exthost] [info] ExtensionService#_doActivateExtension vscode.configuration-editing {"startup":false,"extensionId":{"value":"vscode.configuration-editing","_lower":"vscode.configuration-editing"},"activationEvent":"onLanguage:jsonc"}
[2021-05-10 11:33:19.213] [exthost] [info] ExtensionService#loadCommonJSModule file:///snap/code-insiders/707/usr/share/code-insiders/resources/app/extensions/configuration-editing/dist/configurationEditingMain
[2021-05-10 11:33:19.235] [exthost] [info] ExtensionService#_doActivateExtension vscode.json-language-features {"startup":false,"extensionId":{"value":"vscode.json-language-features","_lower":"vscode.json-language-features"},"activationEvent":"onLanguage:jsonc"}
[2021-05-10 11:33:19.235] [exthost] [info] ExtensionService#loadCommonJSModule file:///snap/code-insiders/707/usr/share/code-insiders/resources/app/extensions/json-language-features/client/dist/node/jsonClientMain
[2021-05-10 11:33:19.417] [exthost] [info] ExtensionService#_doActivateExtension vscode.typescript-language-features {"startup":false,"extensionId":{"value":"vscode.typescript-language-features","_lower":"vscode.typescript-language-features"},"activationEvent":"onLanguage:jsonc"}
[2021-05-10 11:33:19.457] [exthost] [info] ExtensionService#loadCommonJSModule file:///snap/code-insiders/707/usr/share/code-insiders/resources/app/extensions/typescript-language-features/dist/extension
[2021-05-10 11:33:19.794] [exthost] [info] ExtensionService#_doActivateExtension vscode.emmet {"startup":false,"extensionId":{"value":"vscode.emmet","_lower":"vscode.emmet"},"activationEvent":"onStartupFinished"}
[2021-05-10 11:33:19.794] [exthost] [info] ExtensionService#loadCommonJSModule file:///snap/code-insiders/707/usr/share/code-insiders/resources/app/extensions/emmet/dist/node/emmetNodeMain
[2021-05-10 11:33:20.185] [exthost] [info] ExtensionService#_doActivateExtension vscode.merge-conflict {"startup":false,"extensionId":{"value":"vscode.merge-conflict","_lower":"vscode.merge-conflict"},"activationEvent":"onStartupFinished"}
[2021-05-10 11:33:20.185] [exthost] [info] ExtensionService#loadCommonJSModule file:///snap/code-insiders/707/usr/share/code-insiders/resources/app/extensions/merge-conflict/dist/mergeConflictMain
[2021-05-10 11:33:20.220] [exthost] [info] ExtensionService#_doActivateExtension vscode.testing-editor-contributions {"startup":false,"extensionId":{"value":"vscode.testing-editor-contributions","_lower":"vscode.testing-editor-contributions"},"activationEvent":"onStartupFinished"}
[2021-05-10 11:33:20.221] [exthost] [info] ExtensionService#loadCommonJSModule file:///snap/code-insiders/707/usr/share/code-insiders/resources/app/extensions/testing-editor-contributions/dist/extension.js
[2021-05-10 11:33:20.462] [exthost] [info] ExtensionService#_doActivateExtension vscode.github-authentication {"startup":false,"extensionId":{"value":"vscode.github-authentication","_lower":"vscode.github-authentication"},"activationEvent":"onAuthenticationRequest:github"}
[2021-05-10 11:33:20.462] [exthost] [info] ExtensionService#loadCommonJSModule file:///snap/code-insiders/707/usr/share/code-insiders/resources/app/extensions/github-authentication/dist/extension.js
[2021-05-10 11:33:27.016] [exthost] [info] extension host terminating: received terminate message from renderer
[2021-05-10 11:33:28.031] [exthost] [info] exiting with code 0
[2021-05-10 11:33:30.480] [exthost] [info] extension host started
[2021-05-10 11:33:30.557] [exthost] [info] ExtensionService#_doActivateExtension vscode.microsoft-authentication {"startup":false,"extensionId":{"value":"vscode.microsoft-authentication","_lower":"vscode.microsoft-authentication"},"activationEvent":"onAuthenticationRequest:microsoft"}
[2021-05-10 11:33:30.558] [exthost] [info] ExtensionService#loadCommonJSModule file:///snap/code-insiders/707/usr/share/code-insiders/resources/app/extensions/microsoft-authentication/dist/extension.js
[2021-05-10 11:33:30.571] [exthost] [info] ExtensionService#_doActivateExtension vscode.debug-auto-launch {"startup":true,"extensionId":{"value":"vscode.debug-auto-launch","_lower":"vscode.debug-auto-launch"},"activationEvent":"*"}
[2021-05-10 11:33:30.571] [exthost] [info] ExtensionService#loadCommonJSModule file:///snap/code-insiders/707/usr/share/code-insiders/resources/app/extensions/debug-auto-launch/dist/extension
[2021-05-10 11:33:30.573] [exthost] [info] ExtensionService#_doActivateExtension vscode.git {"startup":true,"extensionId":{"value":"vscode.github","_lower":"vscode.github"},"activationEvent":"*"}
[2021-05-10 11:33:30.573] [exthost] [info] ExtensionService#loadCommonJSModule file:///snap/code-insiders/707/usr/share/code-insiders/resources/app/extensions/git/dist/main
[2021-05-10 11:33:30.598] [exthost] [info] ExtensionService#_doActivateExtension sainnhe.gruvbox-material {"startup":true,"extensionId":{"value":"sainnhe.gruvbox-material","_lower":"sainnhe.gruvbox-material"},"activationEvent":"*"}
[2021-05-10 11:33:30.598] [exthost] [info] ExtensionService#loadCommonJSModule file:///home/tinku/.vscode-insiders/extensions/sainnhe.gruvbox-material-6.4.3/out/extension.js
[2021-05-10 11:33:30.619] [exthost] [info] ExtensionService#_doActivateExtension vscodevim.vim {"startup":true,"extensionId":{"value":"vscodevim.vim","_lower":"vscodevim.vim"},"activationEvent":"*"}
[2021-05-10 11:33:30.619] [exthost] [info] ExtensionService#loadCommonJSModule file:///home/tinku/.vscode-insiders/extensions/vscodevim.vim-1.20.2/out/extension
[2021-05-10 11:33:30.674] [exthost] [info] ExtensionService#_doActivateExtension vscode.npm {"startup":true,"extensionId":{"value":"vscode.npm","_lower":"vscode.npm"},"activationEvent":"workspaceContains:package.json"}
[2021-05-10 11:33:30.674] [exthost] [info] ExtensionService#loadCommonJSModule file:///snap/code-insiders/707/usr/share/code-insiders/resources/app/extensions/npm/dist/npmMain
[2021-05-10 11:33:30.755] [exthost] [info] ExtensionService#_doActivateExtension yzhang.markdown-all-in-one {"startup":true,"extensionId":{"value":"yzhang.markdown-all-in-one","_lower":"yzhang.markdown-all-in-one"},"activationEvent":"workspaceContains:README.md"}
[2021-05-10 11:33:30.756] [exthost] [info] ExtensionService#loadCommonJSModule file:///home/tinku/.vscode-insiders/extensions/yzhang.markdown-all-in-one-3.4.0/dist/extension
[2021-05-10 11:33:31.750] [exthost] [info] ExtensionService#_doActivateExtension vscode.github {"startup":true,"extensionId":{"value":"vscode.github","_lower":"vscode.github"},"activationEvent":"*"}
[2021-05-10 11:33:31.759] [exthost] [info] ExtensionService#loadCommonJSModule file:///snap/code-insiders/707/usr/share/code-insiders/resources/app/extensions/github/dist/extension.js
[2021-05-10 11:33:32.046] [exthost] [info] ExtensionService#_doActivateExtension ms-vscode.js-debug {"startup":false,"extensionId":{"value":"ms-vscode.js-debug","_lower":"ms-vscode.js-debug"},"activationEvent":"onCommand:extension.js-debug.clearAutoAttachVariables"}
[2021-05-10 11:33:32.046] [exthost] [info] ExtensionService#loadCommonJSModule file:///snap/code-insiders/707/usr/share/code-insiders/resources/app/extensions/ms-vscode.js-debug/src/extension.js
[2021-05-10 11:33:32.456] [exthost] [info] ExtensionService#_doActivateExtension vscode.github-authentication {"startup":false,"extensionId":{"value":"vscode.github-authentication","_lower":"vscode.github-authentication"},"activationEvent":"onAuthenticationRequest:github"}
[2021-05-10 11:33:32.456] [exthost] [info] ExtensionService#loadCommonJSModule file:///snap/code-insiders/707/usr/share/code-insiders/resources/app/extensions/github-authentication/dist/extension.js
[2021-05-10 11:33:32.546] [exthost] [info] eager extensions activated
[2021-05-10 11:33:32.552] [exthost] [info] ExtensionService#_doActivateExtension vscode.emmet {"startup":false,"extensionId":{"value":"vscode.emmet","_lower":"vscode.emmet"},"activationEvent":"onStartupFinished"}
[2021-05-10 11:33:32.552] [exthost] [info] ExtensionService#loadCommonJSModule file:///snap/code-insiders/707/usr/share/code-insiders/resources/app/extensions/emmet/dist/node/emmetNodeMain
[2021-05-10 11:33:32.559] [exthost] [info] ExtensionService#_doActivateExtension vscode.merge-conflict {"startup":false,"extensionId":{"value":"vscode.merge-conflict","_lower":"vscode.merge-conflict"},"activationEvent":"onStartupFinished"}
[2021-05-10 11:33:32.559] [exthost] [info] ExtensionService#loadCommonJSModule file:///snap/code-insiders/707/usr/share/code-insiders/resources/app/extensions/merge-conflict/dist/mergeConflictMain
[2021-05-10 11:33:32.562] [exthost] [info] ExtensionService#_doActivateExtension vscode.testing-editor-contributions {"startup":false,"extensionId":{"value":"vscode.testing-editor-contributions","_lower":"vscode.testing-editor-contributions"},"activationEvent":"onStartupFinished"}
[2021-05-10 11:33:32.562] [exthost] [info] ExtensionService#loadCommonJSModule file:///snap/code-insiders/707/usr/share/code-insiders/resources/app/extensions/testing-editor-contributions/dist/extension.js
[2021-05-10 11:33:37.372] [exthost] [info] ExtensionService#_doActivateExtension vscode.configuration-editing {"startup":false,"extensionId":{"value":"vscode.configuration-editing","_lower":"vscode.configuration-editing"},"activationEvent":"onLanguage:json"}
[2021-05-10 11:33:37.372] [exthost] [info] ExtensionService#loadCommonJSModule file:///snap/code-insiders/707/usr/share/code-insiders/resources/app/extensions/configuration-editing/dist/configurationEditingMain
[2021-05-10 11:33:37.376] [exthost] [info] ExtensionService#_doActivateExtension vscode.extension-editing {"startup":false,"extensionId":{"value":"vscode.extension-editing","_lower":"vscode.extension-editing"},"activationEvent":"onLanguage:json"}
[2021-05-10 11:33:37.376] [exthost] [info] ExtensionService#loadCommonJSModule file:///snap/code-insiders/707/usr/share/code-insiders/resources/app/extensions/extension-editing/dist/extensionEditingMain
[2021-05-10 11:33:37.384] [exthost] [info] ExtensionService#_doActivateExtension vscode.json-language-features {"startup":false,"extensionId":{"value":"vscode.json-language-features","_lower":"vscode.json-language-features"},"activationEvent":"onLanguage:json"}
[2021-05-10 11:33:37.386] [exthost] [info] ExtensionService#loadCommonJSModule file:///snap/code-insiders/707/usr/share/code-insiders/resources/app/extensions/json-language-features/client/dist/node/jsonClientMain
[2021-05-10 11:33:43.694] [exthost] [info] ExtensionService#_doActivateExtension bradlc.vscode-tailwindcss {"startup":false,"extensionId":{"value":"bradlc.vscode-tailwindcss","_lower":"bradlc.vscode-tailwindcss"},"activationEvent":"onStartupFinished"}
[2021-05-10 11:33:43.694] [exthost] [info] ExtensionService#loadCommonJSModule file:///home/tinku/.vscode-insiders/extensions/bradlc.vscode-tailwindcss-0.6.2/dist/extension/index.js
[2021-05-10 11:33:50.350] [exthost] [info] ExtensionService#_doActivateExtension vscode.typescript-language-features {"startup":false,"extensionId":{"value":"vscode.typescript-language-features","_lower":"vscode.typescript-language-features"},"activationEvent":"onLanguage:jsonc"}
[2021-05-10 11:33:50.350] [exthost] [info] ExtensionService#loadCommonJSModule file:///snap/code-insiders/707/usr/share/code-insiders/resources/app/extensions/typescript-language-features/dist/extension
[2021-05-10 11:34:47.041] [exthost] [info] ExtensionService#_doActivateExtension octref.vetur {"startup":false,"extensionId":{"value":"octref.vetur","_lower":"octref.vetur"},"activationEvent":"onLanguage:vue"}
[2021-05-10 11:34:47.041] [exthost] [info] ExtensionService#loadCommonJSModule file:///home/tinku/.vscode-insiders/extensions/octref.vetur-0.33.1/dist/vueMain.js
[2021-05-10 12:02:18.470] [exthost] [info] ExtensionService#_doActivateExtension vscode.css-language-features {"startup":false,"extensionId":{"value":"vscode.css-language-features","_lower":"vscode.css-language-features"},"activationEvent":"onLanguage:css"}
[2021-05-10 12:02:18.471] [exthost] [info] ExtensionService#loadCommonJSModule file:///snap/code-insiders/707/usr/share/code-insiders/resources/app/extensions/css-language-features/client/dist/node/cssClientMain
[2021-05-10 12:04:52.202] [exthost] [info] extension host terminating: received terminate message from renderer
[2021-05-10 12:04:53.223] [exthost] [info] exiting with code 0
