Vetur initialized
[INFO ] Find node_modules paths in /home/tinku/Documents/projects/profile - 2466ms
[INFO ] Loaded bundled typescript@4.2.2.
[INFO ] Loaded bundled prettier.
[INFO ] Loaded bundled @starptech/prettyhtml.
[INFO ] Loaded bundled prettier-eslint.
[INFO ] Loaded bundled prettier-tslint.
[INFO ] Loaded bundled stylus-supremacy.
[INFO ] Loaded bundled @prettier/plugin-pug.
[INFO ] update /home/tinku/Documents/projects/profile/tailwind.config.js in ts language service.
[INFO ] update /home/tinku/Documents/projects/profile/tailwind.config.js in ts language service.
[INFO ] update /home/tinku/Documents/projects/profile/tailwind.config.js in ts language service.
[INFO ] update /home/tinku/Documents/projects/profile/tailwind.config.js in ts language service.
[INFO ] update /home/tinku/Documents/projects/profile/tailwind.config.js in ts language service.
[INFO ] update /home/tinku/Documents/projects/profile/tailwind.config.js in ts language service.
[INFO ] update /home/tinku/Documents/projects/profile/tailwind.config.js in ts language service.
[INFO ] update /home/tinku/Documents/projects/profile/tailwind.config.js in ts language service.
[INFO ] update /home/tinku/Documents/projects/profile/tailwind.config.js in ts language service.
[INFO ] update /home/tinku/Documents/projects/profile/tailwind.config.js in ts language service.
[INFO ] update /home/tinku/Documents/projects/profile/tailwind.config.js in ts language service.
[INFO ] update /home/tinku/Documents/projects/profile/tailwind.config.js in ts language service.
[INFO ] update /home/tinku/Documents/projects/profile/tailwind.config.js in ts language service.
[INFO ] update /home/tinku/Documents/projects/profile/tailwind.config.js in ts language service.
[INFO ] update /home/tinku/Documents/projects/profile/tailwind.config.js in ts language service.
[INFO ] update /home/tinku/Documents/projects/profile/tailwind.config.js in ts language service.
[INFO ] update /home/tinku/Documents/projects/profile/tailwind.config.js in ts language service.
[INFO ] update /home/tinku/Documents/projects/profile/tailwind.config.js in ts language service.
[INFO ] update /home/tinku/Documents/projects/profile/tailwind.config.js in ts language service.
[INFO ] update /home/tinku/Documents/projects/profile/tailwind.config.js in ts language service.
[INFO ] update /home/tinku/Documents/projects/profile/tailwind.config.js in ts language service.
[INFO ] update /home/tinku/Documents/projects/profile/tailwind.config.js in ts language service.
[INFO ] update /home/tinku/Documents/projects/profile/tailwind.config.js in ts language service.
[INFO ] update /home/tinku/Documents/projects/profile/tailwind.config.js in ts language service.
[INFO ] update /home/tinku/Documents/projects/profile/tailwind.config.js in ts language service.
[INFO ] update /home/tinku/Documents/projects/profile/tailwind.config.js in ts language service.
[INFO ] update /home/tinku/Documents/projects/profile/tailwind.config.js in ts language service.
[INFO ] update /home/tinku/Documents/projects/profile/tailwind.config.js in ts language service.
[INFO ] update /home/tinku/Documents/projects/profile/tailwind.config.js in ts language service.
[INFO ] update /home/tinku/Documents/projects/profile/tailwind.config.js in ts language service.
[INFO ] update /home/tinku/Documents/projects/profile/tailwind.config.js in ts language service.
[INFO ] update /home/tinku/Documents/projects/profile/tailwind.config.js in ts language service.
[INFO ] update /home/tinku/Documents/projects/profile/tailwind.config.js in ts language service.
